<?xml version="1.0" encoding="utf-8"?>
<TestRun id="0cd0b1ce-7b27-470a-8de4-4b0d39674df9" name="sferrari@PC-SFERRARI 2020-09-01 17:52:10" runUser="PC-SFERRARI\sferrari" xmlns="http://microsoft.com/schemas/VisualStudio/TeamTest/2010">
  <Times creation="2020-09-01T17:52:10.8082399+01:00" queuing="2020-09-01T17:52:10.8082419+01:00" start="2020-09-01T17:52:08.7087243+01:00" finish="2020-09-01T17:52:11.9132983+01:00" />
  <TestSettings name="default" id="9f7a402c-52b3-4f38-82f5-4e7059bacb89">
    <Deployment runDeploymentRoot="sferrari_PC-SFERRARI_2020-09-01_17_52_10" />
  </TestSettings>
  <Results>
    <UnitTestResult executionId="53efd862-00a6-40a1-9bdd-c28941b6b4ef" testId="3c73a262-4233-759f-902c-9ce564f1c4ad" testName="ToEnum_Passing_Invalid_String_Name_Enumeracion_Returns_Null" computerName="PC-SFERRARI" duration="00:00:00.0001252" startTime="2020-09-01T17:52:11.6726855+01:00" endTime="2020-09-01T17:52:11.6728846+01:00" testType="13cdc9d9-ddb5-4fa4-a97d-d965ccfc6d4b" outcome="Passed" testListId="8c84fa94-04c1-424b-9868-57a2d4851a1d" relativeResultsDirectory="53efd862-00a6-40a1-9bdd-c28941b6b4ef" />
    <UnitTestResult executionId="57ed6ffc-b49e-40df-91da-265b7228a1c3" testId="582ef803-3445-a1eb-d630-9b4dabc719d5" testName="ToEnum_Passing_Invalid_Int_Name_Enumeracion_Returns_Null" computerName="PC-SFERRARI" duration="00:00:00.0001309" startTime="2020-09-01T17:52:11.6997850+01:00" endTime="2020-09-01T17:52:11.6999847+01:00" testType="13cdc9d9-ddb5-4fa4-a97d-d965ccfc6d4b" outcome="Passed" testListId="8c84fa94-04c1-424b-9868-57a2d4851a1d" relativeResultsDirectory="57ed6ffc-b49e-40df-91da-265b7228a1c3" />
    <UnitTestResult executionId="514b3cd8-7652-4221-8749-bdd2a32758b1" testId="f8a148c1-33ab-3f33-4563-51ccfbeb9871" testName="OperatorNotEqual_Passing_Valid_Values_Returns_True" computerName="PC-SFERRARI" duration="00:00:00.0002882" startTime="2020-09-01T17:52:11.5812395+01:00" endTime="2020-09-01T17:52:11.5816870+01:00" testType="13cdc9d9-ddb5-4fa4-a97d-d965ccfc6d4b" outcome="Passed" testListId="8c84fa94-04c1-424b-9868-57a2d4851a1d" relativeResultsDirectory="514b3cd8-7652-4221-8749-bdd2a32758b1" resultType="DataDrivenTest">
      <InnerResults>
        <UnitTestResult executionId="90ffc8de-3e5e-4a80-84ba-fe51b1d3c684" parentExecutionId="514b3cd8-7652-4221-8749-bdd2a32758b1" testId="f8a148c1-33ab-3f33-4563-51ccfbeb9871" testName="OperatorNotEqual_Passing_Valid_Values_Returns_True (app.hackerone1.com)" computerName="PC-SFERRARI" duration="00:00:00.0001887" startTime="2020-09-01T17:52:11.5812395+01:00" endTime="2020-09-01T17:52:11.5816870+01:00" testType="13cdc9d9-ddb5-4fa4-a97d-d965ccfc6d4b" outcome="Passed" testListId="8c84fa94-04c1-424b-9868-57a2d4851a1d" relativeResultsDirectory="90ffc8de-3e5e-4a80-84ba-fe51b1d3c684" dataRowInfo="1" resultType="DataDrivenDataRow" />
        <UnitTestResult executionId="4d5a1525-ce94-42cb-a396-806098a710b2" parentExecutionId="514b3cd8-7652-4221-8749-bdd2a32758b1" testId="f8a148c1-33ab-3f33-4563-51ccfbeb9871" testName="OperatorNotEqual_Passing_Valid_Values_Returns_True (www.hackerone-com)" computerName="PC-SFERRARI" duration="00:00:00.0000173" startTime="2020-09-01T17:52:11.5812395+01:00" endTime="2020-09-01T17:52:11.5816870+01:00" testType="13cdc9d9-ddb5-4fa4-a97d-d965ccfc6d4b" outcome="Passed" testListId="8c84fa94-04c1-424b-9868-57a2d4851a1d" relativeResultsDirectory="4d5a1525-ce94-42cb-a396-806098a710b2" dataRowInfo="2" resultType="DataDrivenDataRow" />
        <UnitTestResult executionId="589ba441-d61a-4f4c-b06c-dad5a6e8ef9b" parentExecutionId="514b3cd8-7652-4221-8749-bdd2a32758b1" testId="f8a148c1-33ab-3f33-4563-51ccfbeb9871" testName="OperatorNotEqual_Passing_Valid_Values_Returns_True (stage_hackerone.com)" computerName="PC-SFERRARI" duration="00:00:00.0000141" startTime="2020-09-01T17:52:11.5812395+01:00" endTime="2020-09-01T17:52:11.5816870+01:00" testType="13cdc9d9-ddb5-4fa4-a97d-d965ccfc6d4b" outcome="Passed" testListId="8c84fa94-04c1-424b-9868-57a2d4851a1d" relativeResultsDirectory="589ba441-d61a-4f4c-b06c-dad5a6e8ef9b" dataRowInfo="3" resultType="DataDrivenDataRow" />
      </InnerResults>
    </UnitTestResult>
    <UnitTestResult executionId="d207ba01-e2ce-4bf1-b94e-7529749ce988" testId="417ec551-d8d9-9d91-2ce7-f7087778456b" testName="IsNull_Passing_Valid_Value_Returns_False" computerName="PC-SFERRARI" duration="00:00:00.0033866" startTime="2020-09-01T17:52:11.1614626+01:00" endTime="2020-09-01T17:52:11.1651002+01:00" testType="13cdc9d9-ddb5-4fa4-a97d-d965ccfc6d4b" outcome="Passed" testListId="8c84fa94-04c1-424b-9868-57a2d4851a1d" relativeResultsDirectory="d207ba01-e2ce-4bf1-b94e-7529749ce988" resultType="DataDrivenTest">
      <InnerResults>
        <UnitTestResult executionId="d17feaba-e22d-45b8-9ebd-7a6a374d4338" parentExecutionId="d207ba01-e2ce-4bf1-b94e-7529749ce988" testId="417ec551-d8d9-9d91-2ce7-f7087778456b" testName="IsNull_Passing_Valid_Value_Returns_False (España)" computerName="PC-SFERRARI" duration="00:00:00.0031517" startTime="2020-09-01T17:52:11.1614626+01:00" endTime="2020-09-01T17:52:11.1651002+01:00" testType="13cdc9d9-ddb5-4fa4-a97d-d965ccfc6d4b" outcome="Passed" testListId="8c84fa94-04c1-424b-9868-57a2d4851a1d" relativeResultsDirectory="d17feaba-e22d-45b8-9ebd-7a6a374d4338" dataRowInfo="1" resultType="DataDrivenDataRow" />
        <UnitTestResult executionId="176e3280-0782-462f-8e4f-c7fedfd78970" parentExecutionId="d207ba01-e2ce-4bf1-b94e-7529749ce988" testId="417ec551-d8d9-9d91-2ce7-f7087778456b" testName="IsNull_Passing_Valid_Value_Returns_False (Españá)" computerName="PC-SFERRARI" duration="00:00:00.0000251" startTime="2020-09-01T17:52:11.1614626+01:00" endTime="2020-09-01T17:52:11.1651002+01:00" testType="13cdc9d9-ddb5-4fa4-a97d-d965ccfc6d4b" outcome="Passed" testListId="8c84fa94-04c1-424b-9868-57a2d4851a1d" relativeResultsDirectory="176e3280-0782-462f-8e4f-c7fedfd78970" dataRowInfo="2" resultType="DataDrivenDataRow" />
        <UnitTestResult executionId="a53d4b41-c7b6-447c-8fc0-21544c8ca568" parentExecutionId="d207ba01-e2ce-4bf1-b94e-7529749ce988" testId="417ec551-d8d9-9d91-2ce7-f7087778456b" testName="IsNull_Passing_Valid_Value_Returns_False (Españà)" computerName="PC-SFERRARI" duration="00:00:00.0000087" startTime="2020-09-01T17:52:11.1614626+01:00" endTime="2020-09-01T17:52:11.1651002+01:00" testType="13cdc9d9-ddb5-4fa4-a97d-d965ccfc6d4b" outcome="Passed" testListId="8c84fa94-04c1-424b-9868-57a2d4851a1d" relativeResultsDirectory="a53d4b41-c7b6-447c-8fc0-21544c8ca568" dataRowInfo="3" resultType="DataDrivenDataRow" />
        <UnitTestResult executionId="c4849786-8ee7-40e2-980b-6bebaacece2f" parentExecutionId="d207ba01-e2ce-4bf1-b94e-7529749ce988" testId="417ec551-d8d9-9d91-2ce7-f7087778456b" testName="IsNull_Passing_Valid_Value_Returns_False (Españä)" computerName="PC-SFERRARI" duration="00:00:00.0000081" startTime="2020-09-01T17:52:11.1614626+01:00" endTime="2020-09-01T17:52:11.1651002+01:00" testType="13cdc9d9-ddb5-4fa4-a97d-d965ccfc6d4b" outcome="Passed" testListId="8c84fa94-04c1-424b-9868-57a2d4851a1d" relativeResultsDirectory="c4849786-8ee7-40e2-980b-6bebaacece2f" dataRowInfo="4" resultType="DataDrivenDataRow" />
        <UnitTestResult executionId="14d47f74-9746-4b10-8747-fdc416794242" parentExecutionId="d207ba01-e2ce-4bf1-b94e-7529749ce988" testId="417ec551-d8d9-9d91-2ce7-f7087778456b" testName="IsNull_Passing_Valid_Value_Returns_False (Españâ)" computerName="PC-SFERRARI" duration="00:00:00.0000079" startTime="2020-09-01T17:52:11.1614626+01:00" endTime="2020-09-01T17:52:11.1651002+01:00" testType="13cdc9d9-ddb5-4fa4-a97d-d965ccfc6d4b" outcome="Passed" testListId="8c84fa94-04c1-424b-9868-57a2d4851a1d" relativeResultsDirectory="14d47f74-9746-4b10-8747-fdc416794242" dataRowInfo="5" resultType="DataDrivenDataRow" />
        <UnitTestResult executionId="636c7591-1614-4698-b6cc-28aa4b42368f" parentExecutionId="d207ba01-e2ce-4bf1-b94e-7529749ce988" testId="417ec551-d8d9-9d91-2ce7-f7087778456b" testName="IsNull_Passing_Valid_Value_Returns_False (Españã)" computerName="PC-SFERRARI" duration="00:00:00.0000078" startTime="2020-09-01T17:52:11.1614626+01:00" endTime="2020-09-01T17:52:11.1651002+01:00" testType="13cdc9d9-ddb5-4fa4-a97d-d965ccfc6d4b" outcome="Passed" testListId="8c84fa94-04c1-424b-9868-57a2d4851a1d" relativeResultsDirectory="636c7591-1614-4698-b6cc-28aa4b42368f" dataRowInfo="6" resultType="DataDrivenDataRow" />
        <UnitTestResult executionId="6676ed44-468b-4c57-9608-2defd2505b4a" parentExecutionId="d207ba01-e2ce-4bf1-b94e-7529749ce988" testId="417ec551-d8d9-9d91-2ce7-f7087778456b" testName="IsNull_Passing_Valid_Value_Returns_False (Españç)" computerName="PC-SFERRARI" duration="00:00:00.0000198" startTime="2020-09-01T17:52:11.1614626+01:00" endTime="2020-09-01T17:52:11.1651002+01:00" testType="13cdc9d9-ddb5-4fa4-a97d-d965ccfc6d4b" outcome="Passed" testListId="8c84fa94-04c1-424b-9868-57a2d4851a1d" relativeResultsDirectory="6676ed44-468b-4c57-9608-2defd2505b4a" dataRowInfo="7" resultType="DataDrivenDataRow" />
        <UnitTestResult executionId="1a92a3b2-5374-4823-969d-9a95aad6398e" parentExecutionId="d207ba01-e2ce-4bf1-b94e-7529749ce988" testId="417ec551-d8d9-9d91-2ce7-f7087778456b" testName="IsNull_Passing_Valid_Value_Returns_False (Españħ)" computerName="PC-SFERRARI" duration="00:00:00.0000079" startTime="2020-09-01T17:52:11.1614626+01:00" endTime="2020-09-01T17:52:11.1651002+01:00" testType="13cdc9d9-ddb5-4fa4-a97d-d965ccfc6d4b" outcome="Passed" testListId="8c84fa94-04c1-424b-9868-57a2d4851a1d" relativeResultsDirectory="1a92a3b2-5374-4823-969d-9a95aad6398e" dataRowInfo="8" resultType="DataDrivenDataRow" />
        <UnitTestResult executionId="fa0068d0-a3e9-4f88-a79b-42edee50d1a3" parentExecutionId="d207ba01-e2ce-4bf1-b94e-7529749ce988" testId="417ec551-d8d9-9d91-2ce7-f7087778456b" testName="IsNull_Passing_Valid_Value_Returns_False (Esp añâ)" computerName="PC-SFERRARI" duration="00:00:00.0000088" startTime="2020-09-01T17:52:11.1614626+01:00" endTime="2020-09-01T17:52:11.1651002+01:00" testType="13cdc9d9-ddb5-4fa4-a97d-d965ccfc6d4b" outcome="Passed" testListId="8c84fa94-04c1-424b-9868-57a2d4851a1d" relativeResultsDirectory="fa0068d0-a3e9-4f88-a79b-42edee50d1a3" dataRowInfo="9" resultType="DataDrivenDataRow" />
      </InnerResults>
    </UnitTestResult>
    <UnitTestResult executionId="ba836470-5f93-48ce-9ed5-5e3c5a0c9535" testId="d72572bb-7928-9c07-ef1f-d247b9026627" testName="Create_Passing_InvalidOrNull_Value_Returns_ApplicationException" computerName="PC-SFERRARI" duration="00:00:00.0010599" startTime="2020-09-01T17:52:10.7310125+01:00" endTime="2020-09-01T17:52:10.7321650+01:00" testType="13cdc9d9-ddb5-4fa4-a97d-d965ccfc6d4b" outcome="Passed" testListId="8c84fa94-04c1-424b-9868-57a2d4851a1d" relativeResultsDirectory="ba836470-5f93-48ce-9ed5-5e3c5a0c9535" resultType="DataDrivenTest">
      <InnerResults>
        <UnitTestResult executionId="b69b5483-ef16-41d3-a9f9-37aab5b854f4" parentExecutionId="ba836470-5f93-48ce-9ed5-5e3c5a0c9535" testId="d72572bb-7928-9c07-ef1f-d247b9026627" testName="Create_Passing_InvalidOrNull_Value_Returns_ApplicationException ()" computerName="PC-SFERRARI" duration="00:00:00.0010227" startTime="2020-09-01T17:52:10.7310125+01:00" endTime="2020-09-01T17:52:10.7321650+01:00" testType="13cdc9d9-ddb5-4fa4-a97d-d965ccfc6d4b" outcome="Passed" testListId="8c84fa94-04c1-424b-9868-57a2d4851a1d" relativeResultsDirectory="b69b5483-ef16-41d3-a9f9-37aab5b854f4" dataRowInfo="1" resultType="DataDrivenDataRow" />
      </InnerResults>
    </UnitTestResult>
    <UnitTestResult executionId="31ca45de-6c05-4654-9a57-3fbafd0151a2" testId="ca869e78-7943-a46b-7927-1a8ff4fe58af" testName="Create_Passing_Valid_Values_Returns_Name" computerName="PC-SFERRARI" duration="00:00:00.0002891" startTime="2020-09-01T17:52:11.1865344+01:00" endTime="2020-09-01T17:52:11.1869179+01:00" testType="13cdc9d9-ddb5-4fa4-a97d-d965ccfc6d4b" outcome="Passed" testListId="8c84fa94-04c1-424b-9868-57a2d4851a1d" relativeResultsDirectory="31ca45de-6c05-4654-9a57-3fbafd0151a2" resultType="DataDrivenTest">
      <InnerResults>
        <UnitTestResult executionId="8348b221-2150-45f1-8be3-53f78ae0d447" parentExecutionId="31ca45de-6c05-4654-9a57-3fbafd0151a2" testId="ca869e78-7943-a46b-7927-1a8ff4fe58af" testName="Create_Passing_Valid_Values_Returns_Name (España)" computerName="PC-SFERRARI" duration="00:00:00.0001180" startTime="2020-09-01T17:52:11.1865344+01:00" endTime="2020-09-01T17:52:11.1869179+01:00" testType="13cdc9d9-ddb5-4fa4-a97d-d965ccfc6d4b" outcome="Passed" testListId="8c84fa94-04c1-424b-9868-57a2d4851a1d" relativeResultsDirectory="8348b221-2150-45f1-8be3-53f78ae0d447" dataRowInfo="1" resultType="DataDrivenDataRow" />
        <UnitTestResult executionId="398c1059-e4fe-49b3-b45e-6d4f1cbe80e0" parentExecutionId="31ca45de-6c05-4654-9a57-3fbafd0151a2" testId="ca869e78-7943-a46b-7927-1a8ff4fe58af" testName="Create_Passing_Valid_Values_Returns_Name (Españá)" computerName="PC-SFERRARI" duration="00:00:00.0000104" startTime="2020-09-01T17:52:11.1865344+01:00" endTime="2020-09-01T17:52:11.1869179+01:00" testType="13cdc9d9-ddb5-4fa4-a97d-d965ccfc6d4b" outcome="Passed" testListId="8c84fa94-04c1-424b-9868-57a2d4851a1d" relativeResultsDirectory="398c1059-e4fe-49b3-b45e-6d4f1cbe80e0" dataRowInfo="2" resultType="DataDrivenDataRow" />
        <UnitTestResult executionId="550989b0-d520-47f5-b6c5-c95115aa08d1" parentExecutionId="31ca45de-6c05-4654-9a57-3fbafd0151a2" testId="ca869e78-7943-a46b-7927-1a8ff4fe58af" testName="Create_Passing_Valid_Values_Returns_Name (Españà)" computerName="PC-SFERRARI" duration="00:00:00.0000079" startTime="2020-09-01T17:52:11.1865344+01:00" endTime="2020-09-01T17:52:11.1869179+01:00" testType="13cdc9d9-ddb5-4fa4-a97d-d965ccfc6d4b" outcome="Passed" testListId="8c84fa94-04c1-424b-9868-57a2d4851a1d" relativeResultsDirectory="550989b0-d520-47f5-b6c5-c95115aa08d1" dataRowInfo="3" resultType="DataDrivenDataRow" />
        <UnitTestResult executionId="3f8980ae-e73d-497c-a0ce-7295efa81ad2" parentExecutionId="31ca45de-6c05-4654-9a57-3fbafd0151a2" testId="ca869e78-7943-a46b-7927-1a8ff4fe58af" testName="Create_Passing_Valid_Values_Returns_Name (Españä)" computerName="PC-SFERRARI" duration="00:00:00.0000075" startTime="2020-09-01T17:52:11.1865344+01:00" endTime="2020-09-01T17:52:11.1869179+01:00" testType="13cdc9d9-ddb5-4fa4-a97d-d965ccfc6d4b" outcome="Passed" testListId="8c84fa94-04c1-424b-9868-57a2d4851a1d" relativeResultsDirectory="3f8980ae-e73d-497c-a0ce-7295efa81ad2" dataRowInfo="4" resultType="DataDrivenDataRow" />
        <UnitTestResult executionId="6748e173-6cb3-4979-9112-c600304b7c81" parentExecutionId="31ca45de-6c05-4654-9a57-3fbafd0151a2" testId="ca869e78-7943-a46b-7927-1a8ff4fe58af" testName="Create_Passing_Valid_Values_Returns_Name (Españâ)" computerName="PC-SFERRARI" duration="00:00:00.0000080" startTime="2020-09-01T17:52:11.1865344+01:00" endTime="2020-09-01T17:52:11.1869179+01:00" testType="13cdc9d9-ddb5-4fa4-a97d-d965ccfc6d4b" outcome="Passed" testListId="8c84fa94-04c1-424b-9868-57a2d4851a1d" relativeResultsDirectory="6748e173-6cb3-4979-9112-c600304b7c81" dataRowInfo="5" resultType="DataDrivenDataRow" />
        <UnitTestResult executionId="be1eeb50-29b6-4dbe-bd63-403a67db61d2" parentExecutionId="31ca45de-6c05-4654-9a57-3fbafd0151a2" testId="ca869e78-7943-a46b-7927-1a8ff4fe58af" testName="Create_Passing_Valid_Values_Returns_Name (Españã)" computerName="PC-SFERRARI" duration="00:00:00.0000076" startTime="2020-09-01T17:52:11.1865344+01:00" endTime="2020-09-01T17:52:11.1869179+01:00" testType="13cdc9d9-ddb5-4fa4-a97d-d965ccfc6d4b" outcome="Passed" testListId="8c84fa94-04c1-424b-9868-57a2d4851a1d" relativeResultsDirectory="be1eeb50-29b6-4dbe-bd63-403a67db61d2" dataRowInfo="6" resultType="DataDrivenDataRow" />
        <UnitTestResult executionId="27bbe2f3-0c30-40db-8654-e63c26370a70" parentExecutionId="31ca45de-6c05-4654-9a57-3fbafd0151a2" testId="ca869e78-7943-a46b-7927-1a8ff4fe58af" testName="Create_Passing_Valid_Values_Returns_Name (Españç)" computerName="PC-SFERRARI" duration="00:00:00.0000081" startTime="2020-09-01T17:52:11.1865344+01:00" endTime="2020-09-01T17:52:11.1869179+01:00" testType="13cdc9d9-ddb5-4fa4-a97d-d965ccfc6d4b" outcome="Passed" testListId="8c84fa94-04c1-424b-9868-57a2d4851a1d" relativeResultsDirectory="27bbe2f3-0c30-40db-8654-e63c26370a70" dataRowInfo="7" resultType="DataDrivenDataRow" />
        <UnitTestResult executionId="1780a08a-9ea3-46ba-85b4-0f60e8c49a17" parentExecutionId="31ca45de-6c05-4654-9a57-3fbafd0151a2" testId="ca869e78-7943-a46b-7927-1a8ff4fe58af" testName="Create_Passing_Valid_Values_Returns_Name (Españħ)" computerName="PC-SFERRARI" duration="00:00:00.0000076" startTime="2020-09-01T17:52:11.1865344+01:00" endTime="2020-09-01T17:52:11.1869179+01:00" testType="13cdc9d9-ddb5-4fa4-a97d-d965ccfc6d4b" outcome="Passed" testListId="8c84fa94-04c1-424b-9868-57a2d4851a1d" relativeResultsDirectory="1780a08a-9ea3-46ba-85b4-0f60e8c49a17" dataRowInfo="8" resultType="DataDrivenDataRow" />
        <UnitTestResult executionId="2e0f6e87-70e6-42bc-ac97-9b61c105d225" parentExecutionId="31ca45de-6c05-4654-9a57-3fbafd0151a2" testId="ca869e78-7943-a46b-7927-1a8ff4fe58af" testName="Create_Passing_Valid_Values_Returns_Name (Esp añâ)" computerName="PC-SFERRARI" duration="00:00:00.0000075" startTime="2020-09-01T17:52:11.1865344+01:00" endTime="2020-09-01T17:52:11.1869179+01:00" testType="13cdc9d9-ddb5-4fa4-a97d-d965ccfc6d4b" outcome="Passed" testListId="8c84fa94-04c1-424b-9868-57a2d4851a1d" relativeResultsDirectory="2e0f6e87-70e6-42bc-ac97-9b61c105d225" dataRowInfo="9" resultType="DataDrivenDataRow" />
      </InnerResults>
    </UnitTestResult>
    <UnitTestResult executionId="4b431be9-5c53-4b9d-867b-eb52b8d9bbe8" testId="4e5c29c7-ea4b-cd65-4b72-7ebf50d57942" testName="ToEnum_Passing_Invalid_Int_Value_Returns_Null" computerName="PC-SFERRARI" duration="00:00:00.0001453" startTime="2020-09-01T17:52:11.7525482+01:00" endTime="2020-09-01T17:52:11.7527717+01:00" testType="13cdc9d9-ddb5-4fa4-a97d-d965ccfc6d4b" outcome="Passed" testListId="8c84fa94-04c1-424b-9868-57a2d4851a1d" relativeResultsDirectory="4b431be9-5c53-4b9d-867b-eb52b8d9bbe8" />
    <UnitTestResult executionId="2ee10ed8-8fce-42c0-9735-75a148d2acef" testId="74b3f1dc-94ca-8be2-33b4-759efaa9b8e8" testName="IsNull_Passing_Valid_Value_Returns_False" computerName="PC-SFERRARI" duration="00:00:00.0007100" startTime="2020-09-01T17:52:11.4190831+01:00" endTime="2020-09-01T17:52:11.4200854+01:00" testType="13cdc9d9-ddb5-4fa4-a97d-d965ccfc6d4b" outcome="Passed" testListId="8c84fa94-04c1-424b-9868-57a2d4851a1d" relativeResultsDirectory="2ee10ed8-8fce-42c0-9735-75a148d2acef" resultType="DataDrivenTest">
      <InnerResults>
        <UnitTestResult executionId="d57d7046-6a3b-423b-a35f-06dc126368f2" parentExecutionId="2ee10ed8-8fce-42c0-9735-75a148d2acef" testId="74b3f1dc-94ca-8be2-33b4-759efaa9b8e8" testName="IsNull_Passing_Valid_Value_Returns_False (Tenerife)" computerName="PC-SFERRARI" duration="00:00:00.0006451" startTime="2020-09-01T17:52:11.4190831+01:00" endTime="2020-09-01T17:52:11.4200854+01:00" testType="13cdc9d9-ddb5-4fa4-a97d-d965ccfc6d4b" outcome="Passed" testListId="8c84fa94-04c1-424b-9868-57a2d4851a1d" relativeResultsDirectory="d57d7046-6a3b-423b-a35f-06dc126368f2" dataRowInfo="1" resultType="DataDrivenDataRow" />
        <UnitTestResult executionId="d547cc68-3972-439d-93ce-d628552a42e8" parentExecutionId="2ee10ed8-8fce-42c0-9735-75a148d2acef" testId="74b3f1dc-94ca-8be2-33b4-759efaa9b8e8" testName="IsNull_Passing_Valid_Value_Returns_False (Espania)" computerName="PC-SFERRARI" duration="00:00:00.0000063" startTime="2020-09-01T17:52:11.4190831+01:00" endTime="2020-09-01T17:52:11.4200854+01:00" testType="13cdc9d9-ddb5-4fa4-a97d-d965ccfc6d4b" outcome="Passed" testListId="8c84fa94-04c1-424b-9868-57a2d4851a1d" relativeResultsDirectory="d547cc68-3972-439d-93ce-d628552a42e8" dataRowInfo="2" resultType="DataDrivenDataRow" />
      </InnerResults>
    </UnitTestResult>
    <UnitTestResult executionId="2e349b63-1192-435d-8d1b-b9efd9b06950" testId="e508c554-ee47-5599-228d-b33f23cc16d0" testName="Equals_Passing_Valid_Distinct_Values_Returns_False" computerName="PC-SFERRARI" duration="00:00:00.0004316" startTime="2020-09-01T17:52:11.2727026+01:00" endTime="2020-09-01T17:52:11.2732997+01:00" testType="13cdc9d9-ddb5-4fa4-a97d-d965ccfc6d4b" outcome="Passed" testListId="8c84fa94-04c1-424b-9868-57a2d4851a1d" relativeResultsDirectory="2e349b63-1192-435d-8d1b-b9efd9b06950" resultType="DataDrivenTest">
      <InnerResults>
        <UnitTestResult executionId="5efa60eb-221c-431c-9899-d8fdc09e2f7b" parentExecutionId="2e349b63-1192-435d-8d1b-b9efd9b06950" testId="e508c554-ee47-5599-228d-b33f23cc16d0" testName="Equals_Passing_Valid_Distinct_Values_Returns_False (España)" computerName="PC-SFERRARI" duration="00:00:00.0002047" startTime="2020-09-01T17:52:11.2727026+01:00" endTime="2020-09-01T17:52:11.2732997+01:00" testType="13cdc9d9-ddb5-4fa4-a97d-d965ccfc6d4b" outcome="Passed" testListId="8c84fa94-04c1-424b-9868-57a2d4851a1d" relativeResultsDirectory="5efa60eb-221c-431c-9899-d8fdc09e2f7b" dataRowInfo="1" resultType="DataDrivenDataRow" />
        <UnitTestResult executionId="e97d7989-4dca-4303-9a3f-9b9bba97b70b" parentExecutionId="2e349b63-1192-435d-8d1b-b9efd9b06950" testId="e508c554-ee47-5599-228d-b33f23cc16d0" testName="Equals_Passing_Valid_Distinct_Values_Returns_False (Españá)" computerName="PC-SFERRARI" duration="00:00:00.0000152" startTime="2020-09-01T17:52:11.2727026+01:00" endTime="2020-09-01T17:52:11.2732997+01:00" testType="13cdc9d9-ddb5-4fa4-a97d-d965ccfc6d4b" outcome="Passed" testListId="8c84fa94-04c1-424b-9868-57a2d4851a1d" relativeResultsDirectory="e97d7989-4dca-4303-9a3f-9b9bba97b70b" dataRowInfo="2" resultType="DataDrivenDataRow" />
        <UnitTestResult executionId="1f6eec16-6e6d-4c01-81b1-a7f324448358" parentExecutionId="2e349b63-1192-435d-8d1b-b9efd9b06950" testId="e508c554-ee47-5599-228d-b33f23cc16d0" testName="Equals_Passing_Valid_Distinct_Values_Returns_False (Españà)" computerName="PC-SFERRARI" duration="00:00:00.0000129" startTime="2020-09-01T17:52:11.2727026+01:00" endTime="2020-09-01T17:52:11.2732997+01:00" testType="13cdc9d9-ddb5-4fa4-a97d-d965ccfc6d4b" outcome="Passed" testListId="8c84fa94-04c1-424b-9868-57a2d4851a1d" relativeResultsDirectory="1f6eec16-6e6d-4c01-81b1-a7f324448358" dataRowInfo="3" resultType="DataDrivenDataRow" />
        <UnitTestResult executionId="e944ff1a-1ddc-452f-aee6-fd7fd0eebd66" parentExecutionId="2e349b63-1192-435d-8d1b-b9efd9b06950" testId="e508c554-ee47-5599-228d-b33f23cc16d0" testName="Equals_Passing_Valid_Distinct_Values_Returns_False (Españä)" computerName="PC-SFERRARI" duration="00:00:00.0000134" startTime="2020-09-01T17:52:11.2727026+01:00" endTime="2020-09-01T17:52:11.2732997+01:00" testType="13cdc9d9-ddb5-4fa4-a97d-d965ccfc6d4b" outcome="Passed" testListId="8c84fa94-04c1-424b-9868-57a2d4851a1d" relativeResultsDirectory="e944ff1a-1ddc-452f-aee6-fd7fd0eebd66" dataRowInfo="4" resultType="DataDrivenDataRow" />
        <UnitTestResult executionId="0f97e1d6-f452-4e05-aa73-b3de1120f52f" parentExecutionId="2e349b63-1192-435d-8d1b-b9efd9b06950" testId="e508c554-ee47-5599-228d-b33f23cc16d0" testName="Equals_Passing_Valid_Distinct_Values_Returns_False (Españâ)" computerName="PC-SFERRARI" duration="00:00:00.0000124" startTime="2020-09-01T17:52:11.2727026+01:00" endTime="2020-09-01T17:52:11.2732997+01:00" testType="13cdc9d9-ddb5-4fa4-a97d-d965ccfc6d4b" outcome="Passed" testListId="8c84fa94-04c1-424b-9868-57a2d4851a1d" relativeResultsDirectory="0f97e1d6-f452-4e05-aa73-b3de1120f52f" dataRowInfo="5" resultType="DataDrivenDataRow" />
        <UnitTestResult executionId="452f4cbf-c6ba-4380-9945-aadc1b74c450" parentExecutionId="2e349b63-1192-435d-8d1b-b9efd9b06950" testId="e508c554-ee47-5599-228d-b33f23cc16d0" testName="Equals_Passing_Valid_Distinct_Values_Returns_False (Españã)" computerName="PC-SFERRARI" duration="00:00:00.0000125" startTime="2020-09-01T17:52:11.2727026+01:00" endTime="2020-09-01T17:52:11.2732997+01:00" testType="13cdc9d9-ddb5-4fa4-a97d-d965ccfc6d4b" outcome="Passed" testListId="8c84fa94-04c1-424b-9868-57a2d4851a1d" relativeResultsDirectory="452f4cbf-c6ba-4380-9945-aadc1b74c450" dataRowInfo="6" resultType="DataDrivenDataRow" />
        <UnitTestResult executionId="3a3d4d5e-2ba7-48dc-8156-3cfcc8f15ee3" parentExecutionId="2e349b63-1192-435d-8d1b-b9efd9b06950" testId="e508c554-ee47-5599-228d-b33f23cc16d0" testName="Equals_Passing_Valid_Distinct_Values_Returns_False (Españç)" computerName="PC-SFERRARI" duration="00:00:00.0000132" startTime="2020-09-01T17:52:11.2727026+01:00" endTime="2020-09-01T17:52:11.2732997+01:00" testType="13cdc9d9-ddb5-4fa4-a97d-d965ccfc6d4b" outcome="Passed" testListId="8c84fa94-04c1-424b-9868-57a2d4851a1d" relativeResultsDirectory="3a3d4d5e-2ba7-48dc-8156-3cfcc8f15ee3" dataRowInfo="7" resultType="DataDrivenDataRow" />
        <UnitTestResult executionId="b79c4f46-9d27-46a7-91a3-31500cbe78d8" parentExecutionId="2e349b63-1192-435d-8d1b-b9efd9b06950" testId="e508c554-ee47-5599-228d-b33f23cc16d0" testName="Equals_Passing_Valid_Distinct_Values_Returns_False (Españħ)" computerName="PC-SFERRARI" duration="00:00:00.0000124" startTime="2020-09-01T17:52:11.2727026+01:00" endTime="2020-09-01T17:52:11.2732997+01:00" testType="13cdc9d9-ddb5-4fa4-a97d-d965ccfc6d4b" outcome="Passed" testListId="8c84fa94-04c1-424b-9868-57a2d4851a1d" relativeResultsDirectory="b79c4f46-9d27-46a7-91a3-31500cbe78d8" dataRowInfo="8" resultType="DataDrivenDataRow" />
        <UnitTestResult executionId="bfdd584a-adf8-4b01-96ae-3bc6fbd0b69a" parentExecutionId="2e349b63-1192-435d-8d1b-b9efd9b06950" testId="e508c554-ee47-5599-228d-b33f23cc16d0" testName="Equals_Passing_Valid_Distinct_Values_Returns_False (Esp añâ)" computerName="PC-SFERRARI" duration="00:00:00.0000125" startTime="2020-09-01T17:52:11.2727026+01:00" endTime="2020-09-01T17:52:11.2732997+01:00" testType="13cdc9d9-ddb5-4fa4-a97d-d965ccfc6d4b" outcome="Passed" testListId="8c84fa94-04c1-424b-9868-57a2d4851a1d" relativeResultsDirectory="bfdd584a-adf8-4b01-96ae-3bc6fbd0b69a" dataRowInfo="9" resultType="DataDrivenDataRow" />
      </InnerResults>
    </UnitTestResult>
    <UnitTestResult executionId="ca60e4e2-5e31-4f7b-ab33-168dc95fe10f" testId="4c90cf97-db04-0e36-a36a-65b359ec9e59" testName="Equals_Passing_Valid_Distinct_Values_Returns_False" computerName="PC-SFERRARI" duration="00:00:00.0002098" startTime="2020-09-01T17:52:10.9034412+01:00" endTime="2020-09-01T17:52:10.9037313+01:00" testType="13cdc9d9-ddb5-4fa4-a97d-d965ccfc6d4b" outcome="Passed" testListId="8c84fa94-04c1-424b-9868-57a2d4851a1d" relativeResultsDirectory="ca60e4e2-5e31-4f7b-ab33-168dc95fe10f" resultType="DataDrivenTest">
      <InnerResults>
        <UnitTestResult executionId="6f6d2f7f-9e68-493f-a8f1-8c0d2ee3934b" parentExecutionId="ca60e4e2-5e31-4f7b-ab33-168dc95fe10f" testId="4c90cf97-db04-0e36-a36a-65b359ec9e59" testName="Equals_Passing_Valid_Distinct_Values_Returns_False (dasdasd@dsasd.ff)" computerName="PC-SFERRARI" duration="00:00:00.0001372" startTime="2020-09-01T17:52:10.9034412+01:00" endTime="2020-09-01T17:52:10.9037313+01:00" testType="13cdc9d9-ddb5-4fa4-a97d-d965ccfc6d4b" outcome="Passed" testListId="8c84fa94-04c1-424b-9868-57a2d4851a1d" relativeResultsDirectory="6f6d2f7f-9e68-493f-a8f1-8c0d2ee3934b" dataRowInfo="1" resultType="DataDrivenDataRow" />
        <UnitTestResult executionId="d5eae67e-c45e-4d5e-b92e-87dfd715963a" parentExecutionId="ca60e4e2-5e31-4f7b-ab33-168dc95fe10f" testId="4c90cf97-db04-0e36-a36a-65b359ec9e59" testName="Equals_Passing_Valid_Distinct_Values_Returns_False (34fsds@sdd.fgg)" computerName="PC-SFERRARI" duration="00:00:00.0000268" startTime="2020-09-01T17:52:10.9034412+01:00" endTime="2020-09-01T17:52:10.9037313+01:00" testType="13cdc9d9-ddb5-4fa4-a97d-d965ccfc6d4b" outcome="Passed" testListId="8c84fa94-04c1-424b-9868-57a2d4851a1d" relativeResultsDirectory="d5eae67e-c45e-4d5e-b92e-87dfd715963a" dataRowInfo="2" resultType="DataDrivenDataRow" />
      </InnerResults>
    </UnitTestResult>
    <UnitTestResult executionId="18ed33da-2aac-45b7-8f69-2fa246c1faaa" testId="8313da3f-0367-8e6c-c0a1-ae4f5c0df829" testName="GetAll_Passing_Nothing_Returns_Enumeracion_List" computerName="PC-SFERRARI" duration="00:00:00.0001868" startTime="2020-09-01T17:52:11.7208576+01:00" endTime="2020-09-01T17:52:11.7211188+01:00" testType="13cdc9d9-ddb5-4fa4-a97d-d965ccfc6d4b" outcome="Passed" testListId="8c84fa94-04c1-424b-9868-57a2d4851a1d" relativeResultsDirectory="18ed33da-2aac-45b7-8f69-2fa246c1faaa" />
    <UnitTestResult executionId="6e399066-7440-4c87-ae53-15e1a0ad20a8" testId="3c5dd30a-14ce-719a-a187-bfc979656176" testName="OperatorEqual_Passing_Valid_Distinct_Values_Returns_False" computerName="PC-SFERRARI" duration="00:00:00.0001548" startTime="2020-09-01T17:52:11.4621481+01:00" endTime="2020-09-01T17:52:11.4623728+01:00" testType="13cdc9d9-ddb5-4fa4-a97d-d965ccfc6d4b" outcome="Passed" testListId="8c84fa94-04c1-424b-9868-57a2d4851a1d" relativeResultsDirectory="6e399066-7440-4c87-ae53-15e1a0ad20a8" resultType="DataDrivenTest">
      <InnerResults>
        <UnitTestResult executionId="3478435e-de06-463d-be50-4b501eedd856" parentExecutionId="6e399066-7440-4c87-ae53-15e1a0ad20a8" testId="3c5dd30a-14ce-719a-a187-bfc979656176" testName="OperatorEqual_Passing_Valid_Distinct_Values_Returns_False (San Bartoleme De Tirajana)" computerName="PC-SFERRARI" duration="00:00:00.0001062" startTime="2020-09-01T17:52:11.4621481+01:00" endTime="2020-09-01T17:52:11.4623728+01:00" testType="13cdc9d9-ddb5-4fa4-a97d-d965ccfc6d4b" outcome="Passed" testListId="8c84fa94-04c1-424b-9868-57a2d4851a1d" relativeResultsDirectory="3478435e-de06-463d-be50-4b501eedd856" dataRowInfo="1" resultType="DataDrivenDataRow" />
        <UnitTestResult executionId="183f2d4c-c747-4b4c-9068-f6af501112bd" parentExecutionId="6e399066-7440-4c87-ae53-15e1a0ad20a8" testId="3c5dd30a-14ce-719a-a187-bfc979656176" testName="OperatorEqual_Passing_Valid_Distinct_Values_Returns_False (Sabadell)" computerName="PC-SFERRARI" duration="00:00:00.0000059" startTime="2020-09-01T17:52:11.4621481+01:00" endTime="2020-09-01T17:52:11.4623728+01:00" testType="13cdc9d9-ddb5-4fa4-a97d-d965ccfc6d4b" outcome="Passed" testListId="8c84fa94-04c1-424b-9868-57a2d4851a1d" relativeResultsDirectory="183f2d4c-c747-4b4c-9068-f6af501112bd" dataRowInfo="2" resultType="DataDrivenDataRow" />
      </InnerResults>
    </UnitTestResult>
    <UnitTestResult executionId="edc324db-ad25-4708-acbc-a53b3a27bbad" testId="e5e892cf-2006-a955-6ca0-1ec5d852214c" testName="ToEnum_Passing_Valid_IntName_Enumeracion_Returns_Enumeracion" computerName="PC-SFERRARI" duration="00:00:00.0006279" startTime="2020-09-01T17:52:11.6729053+01:00" endTime="2020-09-01T17:52:11.6736039+01:00" testType="13cdc9d9-ddb5-4fa4-a97d-d965ccfc6d4b" outcome="Passed" testListId="8c84fa94-04c1-424b-9868-57a2d4851a1d" relativeResultsDirectory="edc324db-ad25-4708-acbc-a53b3a27bbad" />
    <UnitTestResult executionId="01e2179e-51fd-43ff-9dd3-e323dcd2b307" testId="f2e092d4-d663-ae2f-6d89-847a0ae86968" testName="ToString_Passing_Valid_Values_Returns_Name" computerName="PC-SFERRARI" duration="00:00:00.0012508" startTime="2020-09-01T17:52:11.2275677+01:00" endTime="2020-09-01T17:52:11.2289966+01:00" testType="13cdc9d9-ddb5-4fa4-a97d-d965ccfc6d4b" outcome="Passed" testListId="8c84fa94-04c1-424b-9868-57a2d4851a1d" relativeResultsDirectory="01e2179e-51fd-43ff-9dd3-e323dcd2b307" resultType="DataDrivenTest">
      <InnerResults>
        <UnitTestResult executionId="52f84e81-10e8-4b4e-8e8f-e5a465d7f4d9" parentExecutionId="01e2179e-51fd-43ff-9dd3-e323dcd2b307" testId="f2e092d4-d663-ae2f-6d89-847a0ae86968" testName="ToString_Passing_Valid_Values_Returns_Name (España)" computerName="PC-SFERRARI" duration="00:00:00.0003026" startTime="2020-09-01T17:52:11.2275677+01:00" endTime="2020-09-01T17:52:11.2289966+01:00" testType="13cdc9d9-ddb5-4fa4-a97d-d965ccfc6d4b" outcome="Passed" testListId="8c84fa94-04c1-424b-9868-57a2d4851a1d" relativeResultsDirectory="52f84e81-10e8-4b4e-8e8f-e5a465d7f4d9" dataRowInfo="1" resultType="DataDrivenDataRow" />
        <UnitTestResult executionId="42df02f4-6fec-424c-896e-d778d4fb367e" parentExecutionId="01e2179e-51fd-43ff-9dd3-e323dcd2b307" testId="f2e092d4-d663-ae2f-6d89-847a0ae86968" testName="ToString_Passing_Valid_Values_Returns_Name (Españá)" computerName="PC-SFERRARI" duration="00:00:00.0000130" startTime="2020-09-01T17:52:11.2275677+01:00" endTime="2020-09-01T17:52:11.2289966+01:00" testType="13cdc9d9-ddb5-4fa4-a97d-d965ccfc6d4b" outcome="Passed" testListId="8c84fa94-04c1-424b-9868-57a2d4851a1d" relativeResultsDirectory="42df02f4-6fec-424c-896e-d778d4fb367e" dataRowInfo="2" resultType="DataDrivenDataRow" />
        <UnitTestResult executionId="6e0209e2-b730-4228-9e0d-9dc86c551c3a" parentExecutionId="01e2179e-51fd-43ff-9dd3-e323dcd2b307" testId="f2e092d4-d663-ae2f-6d89-847a0ae86968" testName="ToString_Passing_Valid_Values_Returns_Name (Españà)" computerName="PC-SFERRARI" duration="00:00:00.0000080" startTime="2020-09-01T17:52:11.2275677+01:00" endTime="2020-09-01T17:52:11.2289966+01:00" testType="13cdc9d9-ddb5-4fa4-a97d-d965ccfc6d4b" outcome="Passed" testListId="8c84fa94-04c1-424b-9868-57a2d4851a1d" relativeResultsDirectory="6e0209e2-b730-4228-9e0d-9dc86c551c3a" dataRowInfo="3" resultType="DataDrivenDataRow" />
        <UnitTestResult executionId="25d50611-3857-4a21-abac-4c2a36a1b3f3" parentExecutionId="01e2179e-51fd-43ff-9dd3-e323dcd2b307" testId="f2e092d4-d663-ae2f-6d89-847a0ae86968" testName="ToString_Passing_Valid_Values_Returns_Name (Españä)" computerName="PC-SFERRARI" duration="00:00:00.0000074" startTime="2020-09-01T17:52:11.2275677+01:00" endTime="2020-09-01T17:52:11.2289966+01:00" testType="13cdc9d9-ddb5-4fa4-a97d-d965ccfc6d4b" outcome="Passed" testListId="8c84fa94-04c1-424b-9868-57a2d4851a1d" relativeResultsDirectory="25d50611-3857-4a21-abac-4c2a36a1b3f3" dataRowInfo="4" resultType="DataDrivenDataRow" />
        <UnitTestResult executionId="afbda422-8860-4aa6-a9f6-89bb842d9337" parentExecutionId="01e2179e-51fd-43ff-9dd3-e323dcd2b307" testId="f2e092d4-d663-ae2f-6d89-847a0ae86968" testName="ToString_Passing_Valid_Values_Returns_Name (Españâ)" computerName="PC-SFERRARI" duration="00:00:00.0000075" startTime="2020-09-01T17:52:11.2275677+01:00" endTime="2020-09-01T17:52:11.2289966+01:00" testType="13cdc9d9-ddb5-4fa4-a97d-d965ccfc6d4b" outcome="Passed" testListId="8c84fa94-04c1-424b-9868-57a2d4851a1d" relativeResultsDirectory="afbda422-8860-4aa6-a9f6-89bb842d9337" dataRowInfo="5" resultType="DataDrivenDataRow" />
        <UnitTestResult executionId="85aa5f43-cae8-48b0-8c0f-f73e6fb0d8cd" parentExecutionId="01e2179e-51fd-43ff-9dd3-e323dcd2b307" testId="f2e092d4-d663-ae2f-6d89-847a0ae86968" testName="ToString_Passing_Valid_Values_Returns_Name (Españã)" computerName="PC-SFERRARI" duration="00:00:00.0007482" startTime="2020-09-01T17:52:11.2275677+01:00" endTime="2020-09-01T17:52:11.2289966+01:00" testType="13cdc9d9-ddb5-4fa4-a97d-d965ccfc6d4b" outcome="Passed" testListId="8c84fa94-04c1-424b-9868-57a2d4851a1d" relativeResultsDirectory="85aa5f43-cae8-48b0-8c0f-f73e6fb0d8cd" dataRowInfo="6" resultType="DataDrivenDataRow" />
        <UnitTestResult executionId="5ed7d026-0962-462c-80bc-d5ecc5756392" parentExecutionId="01e2179e-51fd-43ff-9dd3-e323dcd2b307" testId="f2e092d4-d663-ae2f-6d89-847a0ae86968" testName="ToString_Passing_Valid_Values_Returns_Name (Españç)" computerName="PC-SFERRARI" duration="00:00:00.0000124" startTime="2020-09-01T17:52:11.2275677+01:00" endTime="2020-09-01T17:52:11.2289966+01:00" testType="13cdc9d9-ddb5-4fa4-a97d-d965ccfc6d4b" outcome="Passed" testListId="8c84fa94-04c1-424b-9868-57a2d4851a1d" relativeResultsDirectory="5ed7d026-0962-462c-80bc-d5ecc5756392" dataRowInfo="7" resultType="DataDrivenDataRow" />
        <UnitTestResult executionId="9f247468-d713-4684-98b5-dddc4a59bdee" parentExecutionId="01e2179e-51fd-43ff-9dd3-e323dcd2b307" testId="f2e092d4-d663-ae2f-6d89-847a0ae86968" testName="ToString_Passing_Valid_Values_Returns_Name (Españħ)" computerName="PC-SFERRARI" duration="00:00:00.0000078" startTime="2020-09-01T17:52:11.2275677+01:00" endTime="2020-09-01T17:52:11.2289966+01:00" testType="13cdc9d9-ddb5-4fa4-a97d-d965ccfc6d4b" outcome="Passed" testListId="8c84fa94-04c1-424b-9868-57a2d4851a1d" relativeResultsDirectory="9f247468-d713-4684-98b5-dddc4a59bdee" dataRowInfo="8" resultType="DataDrivenDataRow" />
        <UnitTestResult executionId="e81727e1-8a13-4cac-920f-4fa83c62a7cb" parentExecutionId="01e2179e-51fd-43ff-9dd3-e323dcd2b307" testId="f2e092d4-d663-ae2f-6d89-847a0ae86968" testName="ToString_Passing_Valid_Values_Returns_Name (Esp añâ)" computerName="PC-SFERRARI" duration="00:00:00.0000084" startTime="2020-09-01T17:52:11.2275677+01:00" endTime="2020-09-01T17:52:11.2289966+01:00" testType="13cdc9d9-ddb5-4fa4-a97d-d965ccfc6d4b" outcome="Passed" testListId="8c84fa94-04c1-424b-9868-57a2d4851a1d" relativeResultsDirectory="e81727e1-8a13-4cac-920f-4fa83c62a7cb" dataRowInfo="9" resultType="DataDrivenDataRow" />
      </InnerResults>
    </UnitTestResult>
    <UnitTestResult executionId="c3aa4678-89d9-46cd-bf9d-41d3b8985c47" testId="505c974a-abdc-ad26-ef8c-4f699fb49682" testName="IsNull_Passing_Valid_Values_Returns_False" computerName="PC-SFERRARI" duration="00:00:00.0034110" startTime="2020-09-01T17:52:10.9478754+01:00" endTime="2020-09-01T17:52:10.9542618+01:00" testType="13cdc9d9-ddb5-4fa4-a97d-d965ccfc6d4b" outcome="Passed" testListId="8c84fa94-04c1-424b-9868-57a2d4851a1d" relativeResultsDirectory="c3aa4678-89d9-46cd-bf9d-41d3b8985c47" resultType="DataDrivenTest">
      <InnerResults>
        <UnitTestResult executionId="71620a82-59c7-46ef-b658-f0d42f0f99a0" parentExecutionId="c3aa4678-89d9-46cd-bf9d-41d3b8985c47" testId="505c974a-abdc-ad26-ef8c-4f699fb49682" testName="IsNull_Passing_Valid_Values_Returns_False (Tenerife,San Bartoleme De Tirajana,Las Palmas)" computerName="PC-SFERRARI" duration="00:00:00.0033172" startTime="2020-09-01T17:52:10.9478754+01:00" endTime="2020-09-01T17:52:10.9542618+01:00" testType="13cdc9d9-ddb5-4fa4-a97d-d965ccfc6d4b" outcome="Passed" testListId="8c84fa94-04c1-424b-9868-57a2d4851a1d" relativeResultsDirectory="71620a82-59c7-46ef-b658-f0d42f0f99a0" dataRowInfo="1" resultType="DataDrivenDataRow" />
        <UnitTestResult executionId="5749c1d6-32cb-444d-ad06-dfe42d5624ba" parentExecutionId="c3aa4678-89d9-46cd-bf9d-41d3b8985c47" testId="505c974a-abdc-ad26-ef8c-4f699fb49682" testName="IsNull_Passing_Valid_Values_Returns_False (Sabadell,Barcelona,España)" computerName="PC-SFERRARI" duration="00:00:00.0000236" startTime="2020-09-01T17:52:10.9478754+01:00" endTime="2020-09-01T17:52:10.9542618+01:00" testType="13cdc9d9-ddb5-4fa4-a97d-d965ccfc6d4b" outcome="Passed" testListId="8c84fa94-04c1-424b-9868-57a2d4851a1d" relativeResultsDirectory="5749c1d6-32cb-444d-ad06-dfe42d5624ba" dataRowInfo="2" resultType="DataDrivenDataRow" />
      </InnerResults>
    </UnitTestResult>
    <UnitTestResult executionId="a54dbed6-4110-471b-ad3e-0a843afe63d4" testId="2bd0308d-019c-fb25-a258-ca5e7ad09231" testName="OperatorEqual_Passing_Valid_Distinct_Values_Returns_False" computerName="PC-SFERRARI" duration="00:00:00.0002542" startTime="2020-09-01T17:52:11.0161850+01:00" endTime="2020-09-01T17:52:11.0165142+01:00" testType="13cdc9d9-ddb5-4fa4-a97d-d965ccfc6d4b" outcome="Passed" testListId="8c84fa94-04c1-424b-9868-57a2d4851a1d" relativeResultsDirectory="a54dbed6-4110-471b-ad3e-0a843afe63d4" resultType="DataDrivenTest">
      <InnerResults>
        <UnitTestResult executionId="c2680c70-f987-47c2-b27c-6d0f6b056dba" parentExecutionId="a54dbed6-4110-471b-ad3e-0a843afe63d4" testId="2bd0308d-019c-fb25-a258-ca5e7ad09231" testName="OperatorEqual_Passing_Valid_Distinct_Values_Returns_False (San Bartoleme De Tirajana,Las Palmas,España)" computerName="PC-SFERRARI" duration="00:00:00.0001533" startTime="2020-09-01T17:52:11.0161850+01:00" endTime="2020-09-01T17:52:11.0165142+01:00" testType="13cdc9d9-ddb5-4fa4-a97d-d965ccfc6d4b" outcome="Passed" testListId="8c84fa94-04c1-424b-9868-57a2d4851a1d" relativeResultsDirectory="c2680c70-f987-47c2-b27c-6d0f6b056dba" dataRowInfo="1" resultType="DataDrivenDataRow" />
        <UnitTestResult executionId="5e2f068b-2210-42c9-98dd-fa61b320b9fd" parentExecutionId="a54dbed6-4110-471b-ad3e-0a843afe63d4" testId="2bd0308d-019c-fb25-a258-ca5e7ad09231" testName="OperatorEqual_Passing_Valid_Distinct_Values_Returns_False (Sabadell,Barcelona,España)" computerName="PC-SFERRARI" duration="00:00:00.0000422" startTime="2020-09-01T17:52:11.0161850+01:00" endTime="2020-09-01T17:52:11.0165142+01:00" testType="13cdc9d9-ddb5-4fa4-a97d-d965ccfc6d4b" outcome="Passed" testListId="8c84fa94-04c1-424b-9868-57a2d4851a1d" relativeResultsDirectory="5e2f068b-2210-42c9-98dd-fa61b320b9fd" dataRowInfo="2" resultType="DataDrivenDataRow" />
      </InnerResults>
    </UnitTestResult>
    <UnitTestResult executionId="b72bd89a-7138-4ae2-8712-206d57c71e41" testId="df9ea71b-e3bc-2255-4837-0259a685da18" testName="Change_Passing_Valid_Values_Returns_Address" computerName="PC-SFERRARI" duration="00:00:00.0474298" startTime="2020-09-01T17:52:10.5962241+01:00" endTime="2020-09-01T17:52:10.6438388+01:00" testType="13cdc9d9-ddb5-4fa4-a97d-d965ccfc6d4b" outcome="Passed" testListId="8c84fa94-04c1-424b-9868-57a2d4851a1d" relativeResultsDirectory="b72bd89a-7138-4ae2-8712-206d57c71e41" />
    <UnitTestResult executionId="8335c8c8-4b7c-425f-be08-d51ff8d06a57" testId="f7330460-b528-23e0-f552-44f6715cd948" testName="OperatorNotEqual_Passing_Valid_Values_Returns_True" computerName="PC-SFERRARI" duration="00:00:00.0004596" startTime="2020-09-01T17:52:11.3719425+01:00" endTime="2020-09-01T17:52:11.3725899+01:00" testType="13cdc9d9-ddb5-4fa4-a97d-d965ccfc6d4b" outcome="Passed" testListId="8c84fa94-04c1-424b-9868-57a2d4851a1d" relativeResultsDirectory="8335c8c8-4b7c-425f-be08-d51ff8d06a57" resultType="DataDrivenTest">
      <InnerResults>
        <UnitTestResult executionId="addf0b8f-3499-4625-b5d0-caa7e7810ca4" parentExecutionId="8335c8c8-4b7c-425f-be08-d51ff8d06a57" testId="f7330460-b528-23e0-f552-44f6715cd948" testName="OperatorNotEqual_Passing_Valid_Values_Returns_True (España)" computerName="PC-SFERRARI" duration="00:00:00.0002071" startTime="2020-09-01T17:52:11.3719425+01:00" endTime="2020-09-01T17:52:11.3725899+01:00" testType="13cdc9d9-ddb5-4fa4-a97d-d965ccfc6d4b" outcome="Passed" testListId="8c84fa94-04c1-424b-9868-57a2d4851a1d" relativeResultsDirectory="addf0b8f-3499-4625-b5d0-caa7e7810ca4" dataRowInfo="1" resultType="DataDrivenDataRow" />
        <UnitTestResult executionId="31ed89cc-4848-4084-868a-d23c59c87a41" parentExecutionId="8335c8c8-4b7c-425f-be08-d51ff8d06a57" testId="f7330460-b528-23e0-f552-44f6715cd948" testName="OperatorNotEqual_Passing_Valid_Values_Returns_True (Españá)" computerName="PC-SFERRARI" duration="00:00:00.0000157" startTime="2020-09-01T17:52:11.3719425+01:00" endTime="2020-09-01T17:52:11.3725899+01:00" testType="13cdc9d9-ddb5-4fa4-a97d-d965ccfc6d4b" outcome="Passed" testListId="8c84fa94-04c1-424b-9868-57a2d4851a1d" relativeResultsDirectory="31ed89cc-4848-4084-868a-d23c59c87a41" dataRowInfo="2" resultType="DataDrivenDataRow" />
        <UnitTestResult executionId="8b01cb89-145e-496d-aa64-abfb33cb23da" parentExecutionId="8335c8c8-4b7c-425f-be08-d51ff8d06a57" testId="f7330460-b528-23e0-f552-44f6715cd948" testName="OperatorNotEqual_Passing_Valid_Values_Returns_True (Españà)" computerName="PC-SFERRARI" duration="00:00:00.0000194" startTime="2020-09-01T17:52:11.3719425+01:00" endTime="2020-09-01T17:52:11.3725899+01:00" testType="13cdc9d9-ddb5-4fa4-a97d-d965ccfc6d4b" outcome="Passed" testListId="8c84fa94-04c1-424b-9868-57a2d4851a1d" relativeResultsDirectory="8b01cb89-145e-496d-aa64-abfb33cb23da" dataRowInfo="3" resultType="DataDrivenDataRow" />
        <UnitTestResult executionId="d41562f0-6c99-41bf-8bdb-95d43571d049" parentExecutionId="8335c8c8-4b7c-425f-be08-d51ff8d06a57" testId="f7330460-b528-23e0-f552-44f6715cd948" testName="OperatorNotEqual_Passing_Valid_Values_Returns_True (Españä)" computerName="PC-SFERRARI" duration="00:00:00.0000190" startTime="2020-09-01T17:52:11.3719425+01:00" endTime="2020-09-01T17:52:11.3725899+01:00" testType="13cdc9d9-ddb5-4fa4-a97d-d965ccfc6d4b" outcome="Passed" testListId="8c84fa94-04c1-424b-9868-57a2d4851a1d" relativeResultsDirectory="d41562f0-6c99-41bf-8bdb-95d43571d049" dataRowInfo="4" resultType="DataDrivenDataRow" />
        <UnitTestResult executionId="8cb2b9df-401f-4e5e-95f5-52336e39e175" parentExecutionId="8335c8c8-4b7c-425f-be08-d51ff8d06a57" testId="f7330460-b528-23e0-f552-44f6715cd948" testName="OperatorNotEqual_Passing_Valid_Values_Returns_True (Españâ)" computerName="PC-SFERRARI" duration="00:00:00.0000129" startTime="2020-09-01T17:52:11.3719425+01:00" endTime="2020-09-01T17:52:11.3725899+01:00" testType="13cdc9d9-ddb5-4fa4-a97d-d965ccfc6d4b" outcome="Passed" testListId="8c84fa94-04c1-424b-9868-57a2d4851a1d" relativeResultsDirectory="8cb2b9df-401f-4e5e-95f5-52336e39e175" dataRowInfo="5" resultType="DataDrivenDataRow" />
        <UnitTestResult executionId="36dc7134-2fc1-4ae5-853b-75d477a3074d" parentExecutionId="8335c8c8-4b7c-425f-be08-d51ff8d06a57" testId="f7330460-b528-23e0-f552-44f6715cd948" testName="OperatorNotEqual_Passing_Valid_Values_Returns_True (Españã)" computerName="PC-SFERRARI" duration="00:00:00.0000183" startTime="2020-09-01T17:52:11.3719425+01:00" endTime="2020-09-01T17:52:11.3725899+01:00" testType="13cdc9d9-ddb5-4fa4-a97d-d965ccfc6d4b" outcome="Passed" testListId="8c84fa94-04c1-424b-9868-57a2d4851a1d" relativeResultsDirectory="36dc7134-2fc1-4ae5-853b-75d477a3074d" dataRowInfo="6" resultType="DataDrivenDataRow" />
        <UnitTestResult executionId="11ab55d3-e96d-454c-a61d-f866a188a669" parentExecutionId="8335c8c8-4b7c-425f-be08-d51ff8d06a57" testId="f7330460-b528-23e0-f552-44f6715cd948" testName="OperatorNotEqual_Passing_Valid_Values_Returns_True (Españç)" computerName="PC-SFERRARI" duration="00:00:00.0000182" startTime="2020-09-01T17:52:11.3719425+01:00" endTime="2020-09-01T17:52:11.3725899+01:00" testType="13cdc9d9-ddb5-4fa4-a97d-d965ccfc6d4b" outcome="Passed" testListId="8c84fa94-04c1-424b-9868-57a2d4851a1d" relativeResultsDirectory="11ab55d3-e96d-454c-a61d-f866a188a669" dataRowInfo="7" resultType="DataDrivenDataRow" />
        <UnitTestResult executionId="ae948b32-1874-4121-ae38-27b8447cecf3" parentExecutionId="8335c8c8-4b7c-425f-be08-d51ff8d06a57" testId="f7330460-b528-23e0-f552-44f6715cd948" testName="OperatorNotEqual_Passing_Valid_Values_Returns_True (Españħ)" computerName="PC-SFERRARI" duration="00:00:00.0000128" startTime="2020-09-01T17:52:11.3719425+01:00" endTime="2020-09-01T17:52:11.3725899+01:00" testType="13cdc9d9-ddb5-4fa4-a97d-d965ccfc6d4b" outcome="Passed" testListId="8c84fa94-04c1-424b-9868-57a2d4851a1d" relativeResultsDirectory="ae948b32-1874-4121-ae38-27b8447cecf3" dataRowInfo="8" resultType="DataDrivenDataRow" />
        <UnitTestResult executionId="ba467362-02af-4f92-9c5b-01cd0cd0b2bd" parentExecutionId="8335c8c8-4b7c-425f-be08-d51ff8d06a57" testId="f7330460-b528-23e0-f552-44f6715cd948" testName="OperatorNotEqual_Passing_Valid_Values_Returns_True (Esp añâ)" computerName="PC-SFERRARI" duration="00:00:00.0000188" startTime="2020-09-01T17:52:11.3719425+01:00" endTime="2020-09-01T17:52:11.3725899+01:00" testType="13cdc9d9-ddb5-4fa4-a97d-d965ccfc6d4b" outcome="Passed" testListId="8c84fa94-04c1-424b-9868-57a2d4851a1d" relativeResultsDirectory="ba467362-02af-4f92-9c5b-01cd0cd0b2bd" dataRowInfo="9" resultType="DataDrivenDataRow" />
      </InnerResults>
    </UnitTestResult>
    <UnitTestResult executionId="13d8390f-8de4-4f27-bf59-59f4fe462324" testId="c00989f1-bbf2-1016-4a5a-81f963501501" testName="Create_Passing_Valid_Values_Returns_Address" computerName="PC-SFERRARI" duration="00:00:00.0012152" startTime="2020-09-01T17:52:10.4632061+01:00" endTime="2020-09-01T17:52:10.4645135+01:00" testType="13cdc9d9-ddb5-4fa4-a97d-d965ccfc6d4b" outcome="Passed" testListId="8c84fa94-04c1-424b-9868-57a2d4851a1d" relativeResultsDirectory="13d8390f-8de4-4f27-bf59-59f4fe462324" resultType="DataDrivenTest">
      <InnerResults>
        <UnitTestResult executionId="ec088ec5-2c2c-4d7a-966b-94bcc8793615" parentExecutionId="13d8390f-8de4-4f27-bf59-59f4fe462324" testId="c00989f1-bbf2-1016-4a5a-81f963501501" testName="Create_Passing_Valid_Values_Returns_Address (Tenerife,23,34567,San Bartoleme De Tirajana,Las Palmas,España)" computerName="PC-SFERRARI" duration="00:00:00.0011257" startTime="2020-09-01T17:52:10.4632061+01:00" endTime="2020-09-01T17:52:10.4645135+01:00" testType="13cdc9d9-ddb5-4fa4-a97d-d965ccfc6d4b" outcome="Passed" testListId="8c84fa94-04c1-424b-9868-57a2d4851a1d" relativeResultsDirectory="ec088ec5-2c2c-4d7a-966b-94bcc8793615" dataRowInfo="1" resultType="DataDrivenDataRow" />
        <UnitTestResult executionId="90fd0542-e269-404a-9be7-262d12ddd3c8" parentExecutionId="13d8390f-8de4-4f27-bf59-59f4fe462324" testId="c00989f1-bbf2-1016-4a5a-81f963501501" testName="Create_Passing_Valid_Values_Returns_Address (Pader,789,DF7956,Sabadell,Barcelona,España)" computerName="PC-SFERRARI" duration="00:00:00.0000132" startTime="2020-09-01T17:52:10.4632061+01:00" endTime="2020-09-01T17:52:10.4645135+01:00" testType="13cdc9d9-ddb5-4fa4-a97d-d965ccfc6d4b" outcome="Passed" testListId="8c84fa94-04c1-424b-9868-57a2d4851a1d" relativeResultsDirectory="90fd0542-e269-404a-9be7-262d12ddd3c8" dataRowInfo="2" resultType="DataDrivenDataRow" />
      </InnerResults>
    </UnitTestResult>
    <UnitTestResult executionId="07bf1f75-464f-4918-8f05-ce50db64bcd4" testId="5a24c00d-3f9c-ad2d-3249-b671bca7abbb" testName="Equals_Passing_Valid_Distinct_Values_Returns_False" computerName="PC-SFERRARI" duration="00:00:00.0002102" startTime="2020-09-01T17:52:11.5332159+01:00" endTime="2020-09-01T17:52:11.5335079+01:00" testType="13cdc9d9-ddb5-4fa4-a97d-d965ccfc6d4b" outcome="Passed" testListId="8c84fa94-04c1-424b-9868-57a2d4851a1d" relativeResultsDirectory="07bf1f75-464f-4918-8f05-ce50db64bcd4" resultType="DataDrivenTest">
      <InnerResults>
        <UnitTestResult executionId="38374595-acfc-49c2-9690-92ad56e47fc3" parentExecutionId="07bf1f75-464f-4918-8f05-ce50db64bcd4" testId="5a24c00d-3f9c-ad2d-3249-b671bca7abbb" testName="Equals_Passing_Valid_Distinct_Values_Returns_False (app.hackerone1.com)" computerName="PC-SFERRARI" duration="00:00:00.0001275" startTime="2020-09-01T17:52:11.5332159+01:00" endTime="2020-09-01T17:52:11.5335079+01:00" testType="13cdc9d9-ddb5-4fa4-a97d-d965ccfc6d4b" outcome="Passed" testListId="8c84fa94-04c1-424b-9868-57a2d4851a1d" relativeResultsDirectory="38374595-acfc-49c2-9690-92ad56e47fc3" dataRowInfo="1" resultType="DataDrivenDataRow" />
        <UnitTestResult executionId="418b4b63-9309-4ad5-8949-3c1c24537416" parentExecutionId="07bf1f75-464f-4918-8f05-ce50db64bcd4" testId="5a24c00d-3f9c-ad2d-3249-b671bca7abbb" testName="Equals_Passing_Valid_Distinct_Values_Returns_False (www.hackerone-com)" computerName="PC-SFERRARI" duration="00:00:00.0000160" startTime="2020-09-01T17:52:11.5332159+01:00" endTime="2020-09-01T17:52:11.5335079+01:00" testType="13cdc9d9-ddb5-4fa4-a97d-d965ccfc6d4b" outcome="Passed" testListId="8c84fa94-04c1-424b-9868-57a2d4851a1d" relativeResultsDirectory="418b4b63-9309-4ad5-8949-3c1c24537416" dataRowInfo="2" resultType="DataDrivenDataRow" />
        <UnitTestResult executionId="75c936f6-877b-4018-9bbf-f79c35cca709" parentExecutionId="07bf1f75-464f-4918-8f05-ce50db64bcd4" testId="5a24c00d-3f9c-ad2d-3249-b671bca7abbb" testName="Equals_Passing_Valid_Distinct_Values_Returns_False (stage_hackerone.com)" computerName="PC-SFERRARI" duration="00:00:00.0000143" startTime="2020-09-01T17:52:11.5332159+01:00" endTime="2020-09-01T17:52:11.5335079+01:00" testType="13cdc9d9-ddb5-4fa4-a97d-d965ccfc6d4b" outcome="Passed" testListId="8c84fa94-04c1-424b-9868-57a2d4851a1d" relativeResultsDirectory="75c936f6-877b-4018-9bbf-f79c35cca709" dataRowInfo="3" resultType="DataDrivenDataRow" />
      </InnerResults>
    </UnitTestResult>
    <UnitTestResult executionId="79bf74f2-f75b-40c0-bfa3-2847a9eb362c" testId="13791109-f26f-328b-af66-40d4b88b25f7" testName="Create_Default_Passing_Valid_Values_Returns_StringId" computerName="PC-SFERRARI" duration="00:00:00.0002905" startTime="2020-09-01T17:52:11.4204451+01:00" endTime="2020-09-01T17:52:11.4208155+01:00" testType="13cdc9d9-ddb5-4fa4-a97d-d965ccfc6d4b" outcome="Passed" testListId="8c84fa94-04c1-424b-9868-57a2d4851a1d" relativeResultsDirectory="79bf74f2-f75b-40c0-bfa3-2847a9eb362c" />
    <UnitTestResult executionId="09567d22-3a55-43b4-8712-10522674f348" testId="1c4770cc-11c0-d015-3996-858274852a92" testName="Create_Passing_Valid_Values_Returns_Subdomain" computerName="PC-SFERRARI" duration="00:00:00.0001788" startTime="2020-09-01T17:52:11.4865712+01:00" endTime="2020-09-01T17:52:11.4868243+01:00" testType="13cdc9d9-ddb5-4fa4-a97d-d965ccfc6d4b" outcome="Passed" testListId="8c84fa94-04c1-424b-9868-57a2d4851a1d" relativeResultsDirectory="09567d22-3a55-43b4-8712-10522674f348" resultType="DataDrivenTest">
      <InnerResults>
        <UnitTestResult executionId="063aa309-a9c8-4027-9fb9-7756701393aa" parentExecutionId="09567d22-3a55-43b4-8712-10522674f348" testId="1c4770cc-11c0-d015-3996-858274852a92" testName="Create_Passing_Valid_Values_Returns_Subdomain (google)" computerName="PC-SFERRARI" duration="00:00:00.0001069" startTime="2020-09-01T17:52:11.4865712+01:00" endTime="2020-09-01T17:52:11.4868243+01:00" testType="13cdc9d9-ddb5-4fa4-a97d-d965ccfc6d4b" outcome="Passed" testListId="8c84fa94-04c1-424b-9868-57a2d4851a1d" relativeResultsDirectory="063aa309-a9c8-4027-9fb9-7756701393aa" dataRowInfo="1" resultType="DataDrivenDataRow" />
        <UnitTestResult executionId="e64ea7e9-21b7-493e-b466-90fbc6ad508e" parentExecutionId="09567d22-3a55-43b4-8712-10522674f348" testId="1c4770cc-11c0-d015-3996-858274852a92" testName="Create_Passing_Valid_Values_Returns_Subdomain (www.hackerone1-com)" computerName="PC-SFERRARI" duration="00:00:00.0000104" startTime="2020-09-01T17:52:11.4865712+01:00" endTime="2020-09-01T17:52:11.4868243+01:00" testType="13cdc9d9-ddb5-4fa4-a97d-d965ccfc6d4b" outcome="Passed" testListId="8c84fa94-04c1-424b-9868-57a2d4851a1d" relativeResultsDirectory="e64ea7e9-21b7-493e-b466-90fbc6ad508e" dataRowInfo="2" resultType="DataDrivenDataRow" />
        <UnitTestResult executionId="ee5b6ca4-bfd1-470b-b4b7-2c70683d5043" parentExecutionId="09567d22-3a55-43b4-8712-10522674f348" testId="1c4770cc-11c0-d015-3996-858274852a92" testName="Create_Passing_Valid_Values_Returns_Subdomain (stage_hackerone.com)" computerName="PC-SFERRARI" duration="00:00:00.0000094" startTime="2020-09-01T17:52:11.4865712+01:00" endTime="2020-09-01T17:52:11.4868243+01:00" testType="13cdc9d9-ddb5-4fa4-a97d-d965ccfc6d4b" outcome="Passed" testListId="8c84fa94-04c1-424b-9868-57a2d4851a1d" relativeResultsDirectory="ee5b6ca4-bfd1-470b-b4b7-2c70683d5043" dataRowInfo="3" resultType="DataDrivenDataRow" />
      </InnerResults>
    </UnitTestResult>
    <UnitTestResult executionId="6492e98a-013f-4a99-a6ca-0a83323678aa" testId="bc7bdbdf-4891-bf37-8380-e1e4362476c4" testName="OperatorEqual_Passing_Valid_Distinct_Values_Returns_False" computerName="PC-SFERRARI" duration="00:00:00.0018553" startTime="2020-09-01T17:52:11.1351795+01:00" endTime="2020-09-01T17:52:11.1372176+01:00" testType="13cdc9d9-ddb5-4fa4-a97d-d965ccfc6d4b" outcome="Passed" testListId="8c84fa94-04c1-424b-9868-57a2d4851a1d" relativeResultsDirectory="6492e98a-013f-4a99-a6ca-0a83323678aa" resultType="DataDrivenTest">
      <InnerResults>
        <UnitTestResult executionId="911422c2-f653-42ac-b5c8-19af96851503" parentExecutionId="6492e98a-013f-4a99-a6ca-0a83323678aa" testId="bc7bdbdf-4891-bf37-8380-e1e4362476c4" testName="OperatorEqual_Passing_Valid_Distinct_Values_Returns_False (100,EUR,2)" computerName="PC-SFERRARI" duration="00:00:00.0008162" startTime="2020-09-01T17:52:11.1351795+01:00" endTime="2020-09-01T17:52:11.1372176+01:00" testType="13cdc9d9-ddb5-4fa4-a97d-d965ccfc6d4b" outcome="Passed" testListId="8c84fa94-04c1-424b-9868-57a2d4851a1d" relativeResultsDirectory="911422c2-f653-42ac-b5c8-19af96851503" dataRowInfo="1" resultType="DataDrivenDataRow" />
        <UnitTestResult executionId="c7e1d92d-895e-4ee7-b5db-7435bd1f3181" parentExecutionId="6492e98a-013f-4a99-a6ca-0a83323678aa" testId="bc7bdbdf-4891-bf37-8380-e1e4362476c4" testName="OperatorEqual_Passing_Valid_Distinct_Values_Returns_False (200,EUR,4)" computerName="PC-SFERRARI" duration="00:00:00.0004714" startTime="2020-09-01T17:52:11.1351795+01:00" endTime="2020-09-01T17:52:11.1372176+01:00" testType="13cdc9d9-ddb5-4fa4-a97d-d965ccfc6d4b" outcome="Passed" testListId="8c84fa94-04c1-424b-9868-57a2d4851a1d" relativeResultsDirectory="c7e1d92d-895e-4ee7-b5db-7435bd1f3181" dataRowInfo="2" resultType="DataDrivenDataRow" />
        <UnitTestResult executionId="7bab4cb4-4f28-48dc-b3a3-fb99e365f4b8" parentExecutionId="6492e98a-013f-4a99-a6ca-0a83323678aa" testId="bc7bdbdf-4891-bf37-8380-e1e4362476c4" testName="OperatorEqual_Passing_Valid_Distinct_Values_Returns_False (400,EUR,8)" computerName="PC-SFERRARI" duration="00:00:00.0004623" startTime="2020-09-01T17:52:11.1351795+01:00" endTime="2020-09-01T17:52:11.1372176+01:00" testType="13cdc9d9-ddb5-4fa4-a97d-d965ccfc6d4b" outcome="Passed" testListId="8c84fa94-04c1-424b-9868-57a2d4851a1d" relativeResultsDirectory="7bab4cb4-4f28-48dc-b3a3-fb99e365f4b8" dataRowInfo="3" resultType="DataDrivenDataRow" />
      </InnerResults>
    </UnitTestResult>
    <UnitTestResult executionId="f8f9beb1-9ad7-4b22-987c-ccc73c3837ab" testId="cfc0b506-e5fe-b0db-3d07-04d53340cc58" testName="IsAmex_Passing_Nothing_Returns_True" computerName="PC-SFERRARI" duration="00:00:00.0001727" startTime="2020-09-01T17:52:11.6976681+01:00" endTime="2020-09-01T17:52:11.6979181+01:00" testType="13cdc9d9-ddb5-4fa4-a97d-d965ccfc6d4b" outcome="Passed" testListId="8c84fa94-04c1-424b-9868-57a2d4851a1d" relativeResultsDirectory="f8f9beb1-9ad7-4b22-987c-ccc73c3837ab" />
    <UnitTestResult executionId="0f1d0ed1-6717-4fa6-8f84-8459ec4e1f2c" testId="7d5b42e8-50c6-931f-3951-5d53097abf4e" testName="OperatorNotEqual_Passing_Valid_Values_Returns_True" computerName="PC-SFERRARI" duration="00:00:00.0002527" startTime="2020-09-01T17:52:11.4840658+01:00" endTime="2020-09-01T17:52:11.4844794+01:00" testType="13cdc9d9-ddb5-4fa4-a97d-d965ccfc6d4b" outcome="Passed" testListId="8c84fa94-04c1-424b-9868-57a2d4851a1d" relativeResultsDirectory="0f1d0ed1-6717-4fa6-8f84-8459ec4e1f2c" resultType="DataDrivenTest">
      <InnerResults>
        <UnitTestResult executionId="42d1eb63-3da4-49b1-8f77-5283d4c464f2" parentExecutionId="0f1d0ed1-6717-4fa6-8f84-8459ec4e1f2c" testId="7d5b42e8-50c6-931f-3951-5d53097abf4e" testName="OperatorNotEqual_Passing_Valid_Values_Returns_True (San Bartoleme De Tirajana)" computerName="PC-SFERRARI" duration="00:00:00.0001871" startTime="2020-09-01T17:52:11.4840658+01:00" endTime="2020-09-01T17:52:11.4844794+01:00" testType="13cdc9d9-ddb5-4fa4-a97d-d965ccfc6d4b" outcome="Passed" testListId="8c84fa94-04c1-424b-9868-57a2d4851a1d" relativeResultsDirectory="42d1eb63-3da4-49b1-8f77-5283d4c464f2" dataRowInfo="1" resultType="DataDrivenDataRow" />
        <UnitTestResult executionId="2686aa6b-928f-49c0-b3f3-bf760f6ea8de" parentExecutionId="0f1d0ed1-6717-4fa6-8f84-8459ec4e1f2c" testId="7d5b42e8-50c6-931f-3951-5d53097abf4e" testName="OperatorNotEqual_Passing_Valid_Values_Returns_True (Sabadell)" computerName="PC-SFERRARI" duration="00:00:00.0000072" startTime="2020-09-01T17:52:11.4840658+01:00" endTime="2020-09-01T17:52:11.4844794+01:00" testType="13cdc9d9-ddb5-4fa4-a97d-d965ccfc6d4b" outcome="Passed" testListId="8c84fa94-04c1-424b-9868-57a2d4851a1d" relativeResultsDirectory="2686aa6b-928f-49c0-b3f3-bf760f6ea8de" dataRowInfo="2" resultType="DataDrivenDataRow" />
      </InnerResults>
    </UnitTestResult>
    <UnitTestResult executionId="abb33d6d-e4a9-4bd6-9618-3767a1997ab5" testId="5d5bf084-272e-970d-5ff6-6e8097ceab4a" testName="Change_Passing_Valid_Values_Returns_Address" computerName="PC-SFERRARI" duration="00:00:00.0017919" startTime="2020-09-01T17:52:11.0772049+01:00" endTime="2020-09-01T17:52:11.0791009+01:00" testType="13cdc9d9-ddb5-4fa4-a97d-d965ccfc6d4b" outcome="Passed" testListId="8c84fa94-04c1-424b-9868-57a2d4851a1d" relativeResultsDirectory="abb33d6d-e4a9-4bd6-9618-3767a1997ab5" resultType="DataDrivenTest">
      <InnerResults>
        <UnitTestResult executionId="5fe509b4-92bc-4771-905b-2a7d71873f51" parentExecutionId="abb33d6d-e4a9-4bd6-9618-3767a1997ab5" testId="5d5bf084-272e-970d-5ff6-6e8097ceab4a" testName="Change_Passing_Valid_Values_Returns_Address (100,EUR,2)" computerName="PC-SFERRARI" duration="00:00:00.0007668" startTime="2020-09-01T17:52:11.0772049+01:00" endTime="2020-09-01T17:52:11.0791009+01:00" testType="13cdc9d9-ddb5-4fa4-a97d-d965ccfc6d4b" outcome="Passed" testListId="8c84fa94-04c1-424b-9868-57a2d4851a1d" relativeResultsDirectory="5fe509b4-92bc-4771-905b-2a7d71873f51" dataRowInfo="1" resultType="DataDrivenDataRow" />
        <UnitTestResult executionId="72476c0a-dfbf-4cad-8a92-1afc73456b6e" parentExecutionId="abb33d6d-e4a9-4bd6-9618-3767a1997ab5" testId="5d5bf084-272e-970d-5ff6-6e8097ceab4a" testName="Change_Passing_Valid_Values_Returns_Address (200,EUR,4)" computerName="PC-SFERRARI" duration="00:00:00.0004688" startTime="2020-09-01T17:52:11.0772049+01:00" endTime="2020-09-01T17:52:11.0791009+01:00" testType="13cdc9d9-ddb5-4fa4-a97d-d965ccfc6d4b" outcome="Passed" testListId="8c84fa94-04c1-424b-9868-57a2d4851a1d" relativeResultsDirectory="72476c0a-dfbf-4cad-8a92-1afc73456b6e" dataRowInfo="2" resultType="DataDrivenDataRow" />
        <UnitTestResult executionId="d59bcd48-b599-4370-a87f-9c71fe4f78c2" parentExecutionId="abb33d6d-e4a9-4bd6-9618-3767a1997ab5" testId="5d5bf084-272e-970d-5ff6-6e8097ceab4a" testName="Change_Passing_Valid_Values_Returns_Address (400,EUR,8)" computerName="PC-SFERRARI" duration="00:00:00.0004640" startTime="2020-09-01T17:52:11.0772049+01:00" endTime="2020-09-01T17:52:11.0791009+01:00" testType="13cdc9d9-ddb5-4fa4-a97d-d965ccfc6d4b" outcome="Passed" testListId="8c84fa94-04c1-424b-9868-57a2d4851a1d" relativeResultsDirectory="d59bcd48-b599-4370-a87f-9c71fe4f78c2" dataRowInfo="3" resultType="DataDrivenDataRow" />
      </InnerResults>
    </UnitTestResult>
    <UnitTestResult executionId="0b4b2326-3773-41cb-a6fd-5e3ff7d7e0bb" testId="b0548663-47b3-8c52-226c-9dcd0a8ec50c" testName="ToEnum_Passing_Valid_IntName_Enumeracion_Returns_Enumeracion" computerName="PC-SFERRARI" duration="00:00:00.0001237" startTime="2020-09-01T17:52:11.7750843+01:00" endTime="2020-09-01T17:52:11.7752799+01:00" testType="13cdc9d9-ddb5-4fa4-a97d-d965ccfc6d4b" outcome="Passed" testListId="8c84fa94-04c1-424b-9868-57a2d4851a1d" relativeResultsDirectory="0b4b2326-3773-41cb-a6fd-5e3ff7d7e0bb" />
    <UnitTestResult executionId="b3d5c794-57ec-4aee-bf3d-23dc86ca39e5" testId="7506a243-a238-2665-b1af-67e45659c805" testName="ToEnum_Passing_Valid_String_Name_Enumeracion_Returns_Enumeracion" computerName="PC-SFERRARI" duration="00:00:00.0006865" startTime="2020-09-01T17:52:11.6982040+01:00" endTime="2020-09-01T17:52:11.6990933+01:00" testType="13cdc9d9-ddb5-4fa4-a97d-d965ccfc6d4b" outcome="Passed" testListId="8c84fa94-04c1-424b-9868-57a2d4851a1d" relativeResultsDirectory="b3d5c794-57ec-4aee-bf3d-23dc86ca39e5" />
    <UnitTestResult executionId="f91e0e69-4c81-4e67-b627-b653b1da943e" testId="62f7691c-736e-bac3-74c9-a2d9d7ac94ae" testName="ToEnum_Passing_Invalid_String_Name_Enumeracion_Returns_Null" computerName="PC-SFERRARI" duration="00:00:00.0001391" startTime="2020-09-01T17:52:11.7201829+01:00" endTime="2020-09-01T17:52:11.7204009+01:00" testType="13cdc9d9-ddb5-4fa4-a97d-d965ccfc6d4b" outcome="Passed" testListId="8c84fa94-04c1-424b-9868-57a2d4851a1d" relativeResultsDirectory="f91e0e69-4c81-4e67-b627-b653b1da943e" />
    <UnitTestResult executionId="1fef3fb2-9caf-4ea1-8845-f51a6ca9a1b4" testId="0c9201c8-8275-74ca-9c91-2d0c4645730b" testName="ToString_Passing_Valid_Values_Returns_StringId" computerName="PC-SFERRARI" duration="00:00:00.0002435" startTime="2020-09-01T17:52:11.4405704+01:00" endTime="2020-09-01T17:52:11.4409761+01:00" testType="13cdc9d9-ddb5-4fa4-a97d-d965ccfc6d4b" outcome="Passed" testListId="8c84fa94-04c1-424b-9868-57a2d4851a1d" relativeResultsDirectory="1fef3fb2-9caf-4ea1-8845-f51a6ca9a1b4" resultType="DataDrivenTest">
      <InnerResults>
        <UnitTestResult executionId="273928e6-f284-46b6-8ddf-e6ecb6fe3cba" parentExecutionId="1fef3fb2-9caf-4ea1-8845-f51a6ca9a1b4" testId="0c9201c8-8275-74ca-9c91-2d0c4645730b" testName="ToString_Passing_Valid_Values_Returns_StringId (San Bartoleme De Tirajana)" computerName="PC-SFERRARI" duration="00:00:00.0001815" startTime="2020-09-01T17:52:11.4405704+01:00" endTime="2020-09-01T17:52:11.4409761+01:00" testType="13cdc9d9-ddb5-4fa4-a97d-d965ccfc6d4b" outcome="Passed" testListId="8c84fa94-04c1-424b-9868-57a2d4851a1d" relativeResultsDirectory="273928e6-f284-46b6-8ddf-e6ecb6fe3cba" dataRowInfo="1" resultType="DataDrivenDataRow" />
        <UnitTestResult executionId="df0c9708-5e18-4528-ae5e-c65760fe9913" parentExecutionId="1fef3fb2-9caf-4ea1-8845-f51a6ca9a1b4" testId="0c9201c8-8275-74ca-9c91-2d0c4645730b" testName="ToString_Passing_Valid_Values_Returns_StringId (Sabadell)" computerName="PC-SFERRARI" duration="00:00:00.0000053" startTime="2020-09-01T17:52:11.4405704+01:00" endTime="2020-09-01T17:52:11.4409761+01:00" testType="13cdc9d9-ddb5-4fa4-a97d-d965ccfc6d4b" outcome="Passed" testListId="8c84fa94-04c1-424b-9868-57a2d4851a1d" relativeResultsDirectory="df0c9708-5e18-4528-ae5e-c65760fe9913" dataRowInfo="2" resultType="DataDrivenDataRow" />
      </InnerResults>
    </UnitTestResult>
    <UnitTestResult executionId="b083cc53-a06b-4767-a4f1-74079dc927a7" testId="0643cd5e-9fb6-9fc5-1c47-3b2be0eeb804" testName="OperatorNotEqual_Passing_Valid_Values_Returns_True" computerName="PC-SFERRARI" duration="00:00:00.0001950" startTime="2020-09-01T17:52:10.9230706+01:00" endTime="2020-09-01T17:52:10.9233331+01:00" testType="13cdc9d9-ddb5-4fa4-a97d-d965ccfc6d4b" outcome="Passed" testListId="8c84fa94-04c1-424b-9868-57a2d4851a1d" relativeResultsDirectory="b083cc53-a06b-4767-a4f1-74079dc927a7" resultType="DataDrivenTest">
      <InnerResults>
        <UnitTestResult executionId="44b44714-e315-41d0-b35f-94d87532a0b9" parentExecutionId="b083cc53-a06b-4767-a4f1-74079dc927a7" testId="0643cd5e-9fb6-9fc5-1c47-3b2be0eeb804" testName="OperatorNotEqual_Passing_Valid_Values_Returns_True (dasdasd@dsasd.ff)" computerName="PC-SFERRARI" duration="00:00:00.0001260" startTime="2020-09-01T17:52:10.9230706+01:00" endTime="2020-09-01T17:52:10.9233331+01:00" testType="13cdc9d9-ddb5-4fa4-a97d-d965ccfc6d4b" outcome="Passed" testListId="8c84fa94-04c1-424b-9868-57a2d4851a1d" relativeResultsDirectory="44b44714-e315-41d0-b35f-94d87532a0b9" dataRowInfo="1" resultType="DataDrivenDataRow" />
        <UnitTestResult executionId="704e1fd2-aa14-4af5-9d1d-876348395dcd" parentExecutionId="b083cc53-a06b-4767-a4f1-74079dc927a7" testId="0643cd5e-9fb6-9fc5-1c47-3b2be0eeb804" testName="OperatorNotEqual_Passing_Valid_Values_Returns_True (34fsds@sdd.fgg)" computerName="PC-SFERRARI" duration="00:00:00.0000264" startTime="2020-09-01T17:52:10.9230706+01:00" endTime="2020-09-01T17:52:10.9233331+01:00" testType="13cdc9d9-ddb5-4fa4-a97d-d965ccfc6d4b" outcome="Passed" testListId="8c84fa94-04c1-424b-9868-57a2d4851a1d" relativeResultsDirectory="704e1fd2-aa14-4af5-9d1d-876348395dcd" dataRowInfo="2" resultType="DataDrivenDataRow" />
      </InnerResults>
    </UnitTestResult>
    <UnitTestResult executionId="7e1e05b8-cacf-42f8-a311-8afafaeb6342" testId="66126db5-a312-c629-a169-f37254601183" testName="OperatorNotEqual_Passing_Valid_Values_Returns_False" computerName="PC-SFERRARI" duration="00:00:00.0001627" startTime="2020-09-01T17:52:11.6488388+01:00" endTime="2020-09-01T17:52:11.6490689+01:00" testType="13cdc9d9-ddb5-4fa4-a97d-d965ccfc6d4b" outcome="Passed" testListId="8c84fa94-04c1-424b-9868-57a2d4851a1d" relativeResultsDirectory="7e1e05b8-cacf-42f8-a311-8afafaeb6342" resultType="DataDrivenTest">
      <InnerResults>
        <UnitTestResult executionId="d9cf7fd5-74d7-41e7-8a9d-5d16445bbf40" parentExecutionId="7e1e05b8-cacf-42f8-a311-8afafaeb6342" testId="66126db5-a312-c629-a169-f37254601183" testName="OperatorNotEqual_Passing_Valid_Values_Returns_False (456,43543543543)" computerName="PC-SFERRARI" duration="00:00:00.0001010" startTime="2020-09-01T17:52:11.6488388+01:00" endTime="2020-09-01T17:52:11.6490689+01:00" testType="13cdc9d9-ddb5-4fa4-a97d-d965ccfc6d4b" outcome="Passed" testListId="8c84fa94-04c1-424b-9868-57a2d4851a1d" relativeResultsDirectory="d9cf7fd5-74d7-41e7-8a9d-5d16445bbf40" dataRowInfo="1" resultType="DataDrivenDataRow" />
        <UnitTestResult executionId="824bdf98-7fe0-4a95-b6f5-b11113a18c61" parentExecutionId="7e1e05b8-cacf-42f8-a311-8afafaeb6342" testId="66126db5-a312-c629-a169-f37254601183" testName="OperatorNotEqual_Passing_Valid_Values_Returns_False (D45,86554654)" computerName="PC-SFERRARI" duration="00:00:00.0000158" startTime="2020-09-01T17:52:11.6488388+01:00" endTime="2020-09-01T17:52:11.6490689+01:00" testType="13cdc9d9-ddb5-4fa4-a97d-d965ccfc6d4b" outcome="Passed" testListId="8c84fa94-04c1-424b-9868-57a2d4851a1d" relativeResultsDirectory="824bdf98-7fe0-4a95-b6f5-b11113a18c61" dataRowInfo="2" resultType="DataDrivenDataRow" />
      </InnerResults>
    </UnitTestResult>
    <UnitTestResult executionId="604da5d2-98fb-4dc5-a0bc-8d4a78268957" testId="9c04e34f-7224-62e2-c837-288675a1ae2d" testName="OperatorEqual_Passing_Valid_Values_Returns_True" computerName="PC-SFERRARI" duration="00:00:00.0002470" startTime="2020-09-01T17:52:11.4617270+01:00" endTime="2020-09-01T17:52:11.4621172+01:00" testType="13cdc9d9-ddb5-4fa4-a97d-d965ccfc6d4b" outcome="Passed" testListId="8c84fa94-04c1-424b-9868-57a2d4851a1d" relativeResultsDirectory="604da5d2-98fb-4dc5-a0bc-8d4a78268957" resultType="DataDrivenTest">
      <InnerResults>
        <UnitTestResult executionId="f9e896a4-7096-4c75-b9e6-867425c9b373" parentExecutionId="604da5d2-98fb-4dc5-a0bc-8d4a78268957" testId="9c04e34f-7224-62e2-c837-288675a1ae2d" testName="OperatorEqual_Passing_Valid_Values_Returns_True (San Bartoleme De Tirajana)" computerName="PC-SFERRARI" duration="00:00:00.0001833" startTime="2020-09-01T17:52:11.4617270+01:00" endTime="2020-09-01T17:52:11.4621172+01:00" testType="13cdc9d9-ddb5-4fa4-a97d-d965ccfc6d4b" outcome="Passed" testListId="8c84fa94-04c1-424b-9868-57a2d4851a1d" relativeResultsDirectory="f9e896a4-7096-4c75-b9e6-867425c9b373" dataRowInfo="1" resultType="DataDrivenDataRow" />
        <UnitTestResult executionId="2605aa13-6bc7-4359-ad68-578185b0852e" parentExecutionId="604da5d2-98fb-4dc5-a0bc-8d4a78268957" testId="9c04e34f-7224-62e2-c837-288675a1ae2d" testName="OperatorEqual_Passing_Valid_Values_Returns_True (Sabadell)" computerName="PC-SFERRARI" duration="00:00:00.0000060" startTime="2020-09-01T17:52:11.4617270+01:00" endTime="2020-09-01T17:52:11.4621172+01:00" testType="13cdc9d9-ddb5-4fa4-a97d-d965ccfc6d4b" outcome="Passed" testListId="8c84fa94-04c1-424b-9868-57a2d4851a1d" relativeResultsDirectory="2605aa13-6bc7-4359-ad68-578185b0852e" dataRowInfo="2" resultType="DataDrivenDataRow" />
      </InnerResults>
    </UnitTestResult>
    <UnitTestResult executionId="372c34b0-d66a-4381-a904-be70f223d3c1" testId="d4dac023-52df-82e8-5be4-d4d0b7642e67" testName="Equals_Passing_Valid_Values_Returns_True" computerName="PC-SFERRARI" duration="00:00:00.0013748" startTime="2020-09-01T17:52:10.6445942+01:00" endTime="2020-09-01T17:52:10.6460549+01:00" testType="13cdc9d9-ddb5-4fa4-a97d-d965ccfc6d4b" outcome="Passed" testListId="8c84fa94-04c1-424b-9868-57a2d4851a1d" relativeResultsDirectory="372c34b0-d66a-4381-a904-be70f223d3c1" resultType="DataDrivenTest">
      <InnerResults>
        <UnitTestResult executionId="163417a5-c57e-4c80-8316-51945a577b23" parentExecutionId="372c34b0-d66a-4381-a904-be70f223d3c1" testId="d4dac023-52df-82e8-5be4-d4d0b7642e67" testName="Equals_Passing_Valid_Values_Returns_True (Tenerife,23,34567,San Bartoleme De Tirajana,Las Palmas,España)" computerName="PC-SFERRARI" duration="00:00:00.0012797" startTime="2020-09-01T17:52:10.6445942+01:00" endTime="2020-09-01T17:52:10.6460549+01:00" testType="13cdc9d9-ddb5-4fa4-a97d-d965ccfc6d4b" outcome="Passed" testListId="8c84fa94-04c1-424b-9868-57a2d4851a1d" relativeResultsDirectory="163417a5-c57e-4c80-8316-51945a577b23" dataRowInfo="1" resultType="DataDrivenDataRow" />
        <UnitTestResult executionId="8956b075-55f5-4b79-9cc8-d4394bc77703" parentExecutionId="372c34b0-d66a-4381-a904-be70f223d3c1" testId="d4dac023-52df-82e8-5be4-d4d0b7642e67" testName="Equals_Passing_Valid_Values_Returns_True (Pader,789,DF7956,Sabadell,Barcelona,España)" computerName="PC-SFERRARI" duration="00:00:00.0000285" startTime="2020-09-01T17:52:10.6445942+01:00" endTime="2020-09-01T17:52:10.6460549+01:00" testType="13cdc9d9-ddb5-4fa4-a97d-d965ccfc6d4b" outcome="Passed" testListId="8c84fa94-04c1-424b-9868-57a2d4851a1d" relativeResultsDirectory="8956b075-55f5-4b79-9cc8-d4394bc77703" dataRowInfo="2" resultType="DataDrivenDataRow" />
      </InnerResults>
    </UnitTestResult>
    <UnitTestResult executionId="247cf8dc-5a00-4213-8b22-aa7c46bb7436" testId="e85f4f46-0516-dc12-c91d-ac710b48a15b" testName="Equals_Passing_Valid_Values_Returns_True" computerName="PC-SFERRARI" duration="00:00:00.0010522" startTime="2020-09-01T17:52:11.2502942+01:00" endTime="2020-09-01T17:52:11.2515302+01:00" testType="13cdc9d9-ddb5-4fa4-a97d-d965ccfc6d4b" outcome="Passed" testListId="8c84fa94-04c1-424b-9868-57a2d4851a1d" relativeResultsDirectory="247cf8dc-5a00-4213-8b22-aa7c46bb7436" resultType="DataDrivenTest">
      <InnerResults>
        <UnitTestResult executionId="d06ff1c6-cee0-45dd-ab2e-10ca4cf26a01" parentExecutionId="247cf8dc-5a00-4213-8b22-aa7c46bb7436" testId="e85f4f46-0516-dc12-c91d-ac710b48a15b" testName="Equals_Passing_Valid_Values_Returns_True (España)" computerName="PC-SFERRARI" duration="00:00:00.0008185" startTime="2020-09-01T17:52:11.2502942+01:00" endTime="2020-09-01T17:52:11.2515302+01:00" testType="13cdc9d9-ddb5-4fa4-a97d-d965ccfc6d4b" outcome="Passed" testListId="8c84fa94-04c1-424b-9868-57a2d4851a1d" relativeResultsDirectory="d06ff1c6-cee0-45dd-ab2e-10ca4cf26a01" dataRowInfo="1" resultType="DataDrivenDataRow" />
        <UnitTestResult executionId="be3012b7-e8d3-4b8e-afb7-50f7beea74ee" parentExecutionId="247cf8dc-5a00-4213-8b22-aa7c46bb7436" testId="e85f4f46-0516-dc12-c91d-ac710b48a15b" testName="Equals_Passing_Valid_Values_Returns_True (Españá)" computerName="PC-SFERRARI" duration="00:00:00.0000220" startTime="2020-09-01T17:52:11.2502942+01:00" endTime="2020-09-01T17:52:11.2515302+01:00" testType="13cdc9d9-ddb5-4fa4-a97d-d965ccfc6d4b" outcome="Passed" testListId="8c84fa94-04c1-424b-9868-57a2d4851a1d" relativeResultsDirectory="be3012b7-e8d3-4b8e-afb7-50f7beea74ee" dataRowInfo="2" resultType="DataDrivenDataRow" />
        <UnitTestResult executionId="bfa7cd76-130e-4c5f-a94e-0c2c09a9466e" parentExecutionId="247cf8dc-5a00-4213-8b22-aa7c46bb7436" testId="e85f4f46-0516-dc12-c91d-ac710b48a15b" testName="Equals_Passing_Valid_Values_Returns_True (Españà)" computerName="PC-SFERRARI" duration="00:00:00.0000132" startTime="2020-09-01T17:52:11.2502942+01:00" endTime="2020-09-01T17:52:11.2515302+01:00" testType="13cdc9d9-ddb5-4fa4-a97d-d965ccfc6d4b" outcome="Passed" testListId="8c84fa94-04c1-424b-9868-57a2d4851a1d" relativeResultsDirectory="bfa7cd76-130e-4c5f-a94e-0c2c09a9466e" dataRowInfo="3" resultType="DataDrivenDataRow" />
        <UnitTestResult executionId="1888749e-b929-45d2-b9bb-8b64baa0471a" parentExecutionId="247cf8dc-5a00-4213-8b22-aa7c46bb7436" testId="e85f4f46-0516-dc12-c91d-ac710b48a15b" testName="Equals_Passing_Valid_Values_Returns_True (Españä)" computerName="PC-SFERRARI" duration="00:00:00.0000127" startTime="2020-09-01T17:52:11.2502942+01:00" endTime="2020-09-01T17:52:11.2515302+01:00" testType="13cdc9d9-ddb5-4fa4-a97d-d965ccfc6d4b" outcome="Passed" testListId="8c84fa94-04c1-424b-9868-57a2d4851a1d" relativeResultsDirectory="1888749e-b929-45d2-b9bb-8b64baa0471a" dataRowInfo="4" resultType="DataDrivenDataRow" />
        <UnitTestResult executionId="29b541fe-9fb1-4e40-9389-7dc55e82d690" parentExecutionId="247cf8dc-5a00-4213-8b22-aa7c46bb7436" testId="e85f4f46-0516-dc12-c91d-ac710b48a15b" testName="Equals_Passing_Valid_Values_Returns_True (Españâ)" computerName="PC-SFERRARI" duration="00:00:00.0000131" startTime="2020-09-01T17:52:11.2502942+01:00" endTime="2020-09-01T17:52:11.2515302+01:00" testType="13cdc9d9-ddb5-4fa4-a97d-d965ccfc6d4b" outcome="Passed" testListId="8c84fa94-04c1-424b-9868-57a2d4851a1d" relativeResultsDirectory="29b541fe-9fb1-4e40-9389-7dc55e82d690" dataRowInfo="5" resultType="DataDrivenDataRow" />
        <UnitTestResult executionId="f950836a-c7ff-475f-9c0e-444c278cbfc7" parentExecutionId="247cf8dc-5a00-4213-8b22-aa7c46bb7436" testId="e85f4f46-0516-dc12-c91d-ac710b48a15b" testName="Equals_Passing_Valid_Values_Returns_True (Españã)" computerName="PC-SFERRARI" duration="00:00:00.0000125" startTime="2020-09-01T17:52:11.2502942+01:00" endTime="2020-09-01T17:52:11.2515302+01:00" testType="13cdc9d9-ddb5-4fa4-a97d-d965ccfc6d4b" outcome="Passed" testListId="8c84fa94-04c1-424b-9868-57a2d4851a1d" relativeResultsDirectory="f950836a-c7ff-475f-9c0e-444c278cbfc7" dataRowInfo="6" resultType="DataDrivenDataRow" />
        <UnitTestResult executionId="b20a6a6a-ddce-4dda-8f38-aabaedf84dc8" parentExecutionId="247cf8dc-5a00-4213-8b22-aa7c46bb7436" testId="e85f4f46-0516-dc12-c91d-ac710b48a15b" testName="Equals_Passing_Valid_Values_Returns_True (Españç)" computerName="PC-SFERRARI" duration="00:00:00.0000124" startTime="2020-09-01T17:52:11.2502942+01:00" endTime="2020-09-01T17:52:11.2515302+01:00" testType="13cdc9d9-ddb5-4fa4-a97d-d965ccfc6d4b" outcome="Passed" testListId="8c84fa94-04c1-424b-9868-57a2d4851a1d" relativeResultsDirectory="b20a6a6a-ddce-4dda-8f38-aabaedf84dc8" dataRowInfo="7" resultType="DataDrivenDataRow" />
        <UnitTestResult executionId="19c31225-59f0-4c13-a2fb-0d9aebc79e99" parentExecutionId="247cf8dc-5a00-4213-8b22-aa7c46bb7436" testId="e85f4f46-0516-dc12-c91d-ac710b48a15b" testName="Equals_Passing_Valid_Values_Returns_True (Españħ)" computerName="PC-SFERRARI" duration="00:00:00.0000131" startTime="2020-09-01T17:52:11.2502942+01:00" endTime="2020-09-01T17:52:11.2515302+01:00" testType="13cdc9d9-ddb5-4fa4-a97d-d965ccfc6d4b" outcome="Passed" testListId="8c84fa94-04c1-424b-9868-57a2d4851a1d" relativeResultsDirectory="19c31225-59f0-4c13-a2fb-0d9aebc79e99" dataRowInfo="8" resultType="DataDrivenDataRow" />
        <UnitTestResult executionId="f1d94cea-8b8d-4801-b69b-b14a236fc409" parentExecutionId="247cf8dc-5a00-4213-8b22-aa7c46bb7436" testId="e85f4f46-0516-dc12-c91d-ac710b48a15b" testName="Equals_Passing_Valid_Values_Returns_True (Esp añâ)" computerName="PC-SFERRARI" duration="00:00:00.0000126" startTime="2020-09-01T17:52:11.2502942+01:00" endTime="2020-09-01T17:52:11.2515302+01:00" testType="13cdc9d9-ddb5-4fa4-a97d-d965ccfc6d4b" outcome="Passed" testListId="8c84fa94-04c1-424b-9868-57a2d4851a1d" relativeResultsDirectory="f1d94cea-8b8d-4801-b69b-b14a236fc409" dataRowInfo="9" resultType="DataDrivenDataRow" />
      </InnerResults>
    </UnitTestResult>
    <UnitTestResult executionId="4a1a78e8-c433-4993-aa36-58ccf8abe91a" testId="84e5d156-9c5d-e299-dfaf-587322c60012" testName="Equals_Passing_Valid_Values_Returns_True" computerName="PC-SFERRARI" duration="00:00:00.0007691" startTime="2020-09-01T17:52:11.4410079+01:00" endTime="2020-09-01T17:52:11.4418487+01:00" testType="13cdc9d9-ddb5-4fa4-a97d-d965ccfc6d4b" outcome="Passed" testListId="8c84fa94-04c1-424b-9868-57a2d4851a1d" relativeResultsDirectory="4a1a78e8-c433-4993-aa36-58ccf8abe91a" resultType="DataDrivenTest">
      <InnerResults>
[...]
    <TestEntry testId="0643cd5e-9fb6-9fc5-1c47-3b2be0eeb804" executionId="b083cc53-a06b-4767-a4f1-74079dc927a7" testListId="8c84fa94-04c1-424b-9868-57a2d4851a1d" />
    <TestEntry testId="66126db5-a312-c629-a169-f37254601183" executionId="7e1e05b8-cacf-42f8-a311-8afafaeb6342" testListId="8c84fa94-04c1-424b-9868-57a2d4851a1d" />
    <TestEntry testId="9c04e34f-7224-62e2-c837-288675a1ae2d" executionId="604da5d2-98fb-4dc5-a0bc-8d4a78268957" testListId="8c84fa94-04c1-424b-9868-57a2d4851a1d" />
    <TestEntry testId="d4dac023-52df-82e8-5be4-d4d0b7642e67" executionId="372c34b0-d66a-4381-a904-be70f223d3c1" testListId="8c84fa94-04c1-424b-9868-57a2d4851a1d" />
    <TestEntry testId="e85f4f46-0516-dc12-c91d-ac710b48a15b" executionId="247cf8dc-5a00-4213-8b22-aa7c46bb7436" testListId="8c84fa94-04c1-424b-9868-57a2d4851a1d" />
    <TestEntry testId="84e5d156-9c5d-e299-dfaf-587322c60012" executionId="4a1a78e8-c433-4993-aa36-58ccf8abe91a" testListId="8c84fa94-04c1-424b-9868-57a2d4851a1d" />
    <TestEntry testId="486d5231-aeb6-594f-38d5-98ce591994a3" executionId="3bbc68c6-6a1a-409f-93c7-e578e5e7ad6b" testListId="8c84fa94-04c1-424b-9868-57a2d4851a1d" />
    <TestEntry testId="0d76b1f8-41be-79d6-55e9-d959e165e570" executionId="f2319e84-0683-454d-9a6b-8af0796932bd" testListId="8c84fa94-04c1-424b-9868-57a2d4851a1d" />
    <TestEntry testId="9b344652-cdde-ed73-1807-0f497ee20572" executionId="80b56d99-4f5b-4f2c-9f69-131ea02b7a85" testListId="8c84fa94-04c1-424b-9868-57a2d4851a1d" />
    <TestEntry testId="669b24c5-9674-2256-f1f0-ef2ca145c4b1" executionId="3bcdf849-5393-4ce0-8d42-b6ed308bcf10" testListId="8c84fa94-04c1-424b-9868-57a2d4851a1d" />
    <TestEntry testId="c1c7a090-62ae-a90f-5c47-62eab692b098" executionId="6c0805cf-4300-4078-8563-6521f225ee23" testListId="8c84fa94-04c1-424b-9868-57a2d4851a1d" />
    <TestEntry testId="27a0e577-20d6-fabc-02be-7af6a06cb12f" executionId="e32296fe-cf50-408b-a726-b2e8ca92b553" testListId="8c84fa94-04c1-424b-9868-57a2d4851a1d" />
    <TestEntry testId="fc18fde3-4319-cd9b-8e17-5d2514db3cb2" executionId="d6b1349d-d382-4134-932b-4681edf01661" testListId="8c84fa94-04c1-424b-9868-57a2d4851a1d" />
    <TestEntry testId="6c6b647e-dbec-34b2-9a32-6c876af9b8dc" executionId="957d8ebe-5917-4a34-bb5e-601b37a53f00" testListId="8c84fa94-04c1-424b-9868-57a2d4851a1d" />
    <TestEntry testId="398af0c0-2099-6a75-20f6-c6ae3a70956a" executionId="a1707617-def8-4eec-8683-ffb494371305" testListId="8c84fa94-04c1-424b-9868-57a2d4851a1d" />
    <TestEntry testId="ed57a0e1-ab6e-1fee-9896-d0ba117a6da1" executionId="cb0ca9ff-40b0-4e2c-bfbd-521cd55f4f1e" testListId="8c84fa94-04c1-424b-9868-57a2d4851a1d" />
    <TestEntry testId="7fd04506-4241-b8b1-2349-8e867be6fbef" executionId="855408ab-b5d8-4a37-99c3-374fc483e554" testListId="8c84fa94-04c1-424b-9868-57a2d4851a1d" />
    <TestEntry testId="b64d7059-5563-47f2-0770-51679ab67ac3" executionId="59bd8ec3-8f3b-4069-bc1d-b6a12d7d3f01" testListId="8c84fa94-04c1-424b-9868-57a2d4851a1d" />
    <TestEntry testId="336a4b3f-0900-f7cb-0d00-611a2347544d" executionId="775ae009-a996-4865-b3c7-b8817da8d461" testListId="8c84fa94-04c1-424b-9868-57a2d4851a1d" />
    <TestEntry testId="389a94fb-03f1-a2c7-c8a2-43670b7ac19d" executionId="750271c8-8aab-4fb2-a0bf-755791cb9647" testListId="8c84fa94-04c1-424b-9868-57a2d4851a1d" />
    <TestEntry testId="cd159d9c-491e-cea0-3dbb-5894d4cafd31" executionId="54b1997a-187f-4e76-b501-dcb99ed43ff4" testListId="8c84fa94-04c1-424b-9868-57a2d4851a1d" />
    <TestEntry testId="9277a601-5bb0-2bc1-982a-ed71c2b000fa" executionId="df3d2241-b594-4e6e-aa11-125607112c74" testListId="8c84fa94-04c1-424b-9868-57a2d4851a1d" />
    <TestEntry testId="9aa3b6bb-9be5-40ee-3b6d-db8c00e38b15" executionId="a6ca5750-f5f9-42aa-895f-2a03f4f66e29" testListId="8c84fa94-04c1-424b-9868-57a2d4851a1d" />
    <TestEntry testId="d1ef6d46-1fa5-198f-a0cf-6cba38319a2e" executionId="2f246ae1-5791-4793-8bff-ea7d82aff620" testListId="8c84fa94-04c1-424b-9868-57a2d4851a1d" />
    <TestEntry testId="a31fe255-a9f2-dfdc-2937-103680a980ea" executionId="ede1b2c0-df47-49d6-9a9d-e88cc42a16ba" testListId="8c84fa94-04c1-424b-9868-57a2d4851a1d" />
    <TestEntry testId="76c79f9f-0b75-deaf-c0c8-6849a01fabe5" executionId="8c038e15-2f55-46a8-9130-1b4248c08d24" testListId="8c84fa94-04c1-424b-9868-57a2d4851a1d" />
    <TestEntry testId="63f587ad-86e0-a19d-ea1b-305a8e55bb70" executionId="7b779468-6426-4fe6-9183-b2515fe9c13d" testListId="8c84fa94-04c1-424b-9868-57a2d4851a1d" />
    <TestEntry testId="42204c2d-cae8-e99c-229d-8e372d79bb40" executionId="56352002-05a0-4ae2-bd4b-ab3382586286" testListId="8c84fa94-04c1-424b-9868-57a2d4851a1d" />
    <TestEntry testId="9e19d4e4-f7b7-b402-48f1-b671fdae656e" executionId="9b630a98-c54f-4134-88a5-fb47595c3b67" testListId="8c84fa94-04c1-424b-9868-57a2d4851a1d" />
    <TestEntry testId="860a3ab5-e4fc-cad4-fe40-328241e258f0" executionId="77f4b096-758f-4916-8c0c-ba5f7d136ff9" testListId="8c84fa94-04c1-424b-9868-57a2d4851a1d" />
    <TestEntry testId="906ffa0c-cef6-6ab9-9266-275ee0bdf90a" executionId="f4fc8fec-415c-42fd-a0c2-16100aa964ee" testListId="8c84fa94-04c1-424b-9868-57a2d4851a1d" />
    <TestEntry testId="8010ce30-a236-ec4e-43aa-ea9ebe0ce095" executionId="6bfce16e-0eed-491b-98cb-971f079e19c8" testListId="8c84fa94-04c1-424b-9868-57a2d4851a1d" />
    <TestEntry testId="4abfc1ff-06cf-dc19-b35f-7c84f2bee2da" executionId="8dfd31ac-bb11-4c19-bd41-bf9bfa28ae40" testListId="8c84fa94-04c1-424b-9868-57a2d4851a1d" />
    <TestEntry testId="eb28919c-10bf-694a-78bc-ac7d54701422" executionId="548f6bf5-bde0-40f2-ba5e-7dad180425b1" testListId="8c84fa94-04c1-424b-9868-57a2d4851a1d" />
    <TestEntry testId="cefd6720-8ae8-64f7-ef2a-994381832e74" executionId="89938004-bc1d-4425-ad6c-47512639d781" testListId="8c84fa94-04c1-424b-9868-57a2d4851a1d" />
    <TestEntry testId="8db31538-892c-3a78-d200-7b8d337bd902" executionId="dc086f3c-aebf-49f7-ab57-bad3247730a3" testListId="8c84fa94-04c1-424b-9868-57a2d4851a1d" />
    <TestEntry testId="571ad406-4c46-6d0b-a0ab-0bbddda456a0" executionId="f919583a-6c3e-444b-a323-aa323625a4b6" testListId="8c84fa94-04c1-424b-9868-57a2d4851a1d" />
    <TestEntry testId="07188371-eb7e-e491-e017-bf959c68f6d1" executionId="cf6076a1-338e-4467-989b-b4fd3d2b2dc3" testListId="8c84fa94-04c1-424b-9868-57a2d4851a1d" />
    <TestEntry testId="d8455b90-6045-1e3d-c9de-76db4e3d49ed" executionId="2a0da74a-d2bc-445d-bc71-53ed4fc08657" testListId="8c84fa94-04c1-424b-9868-57a2d4851a1d" />
    <TestEntry testId="145667c7-887e-fb55-f15f-87c10ffaa544" executionId="fd07e323-14bf-4f65-9511-8784947af46b" testListId="8c84fa94-04c1-424b-9868-57a2d4851a1d" />
    <TestEntry testId="8d7600c8-85e7-f035-9f9f-51a80e994a9a" executionId="4a0f6c01-0562-4c7e-8748-cc73722999f1" testListId="8c84fa94-04c1-424b-9868-57a2d4851a1d" />
    <TestEntry testId="6afaec20-42f3-051a-70dd-dd8272a94d57" executionId="076f929e-52b7-44e0-b334-929cf47d5529" testListId="8c84fa94-04c1-424b-9868-57a2d4851a1d" />
    <TestEntry testId="b7d442c5-0acd-3404-07a7-6a3e90ab8bdd" executionId="cb27fca1-4a50-4ff9-ace0-b1d55d607637" testListId="8c84fa94-04c1-424b-9868-57a2d4851a1d" />
    <TestEntry testId="3e808d2f-8050-987c-6881-19992ba1e6c6" executionId="eb354ce8-4d49-4f3c-9873-cb39ede52580" testListId="8c84fa94-04c1-424b-9868-57a2d4851a1d" />
    <TestEntry testId="39ea45cc-1ad3-df2f-5644-569d0fae9835" executionId="8b3b30a2-18f6-4db6-b5ce-e5f7cb0af155" testListId="8c84fa94-04c1-424b-9868-57a2d4851a1d" />
    <TestEntry testId="9d4133ce-d100-cb57-5378-7ee78c039307" executionId="cd29333e-addf-4dc6-b795-d7ee0a634803" testListId="8c84fa94-04c1-424b-9868-57a2d4851a1d" />
    <TestEntry testId="4ffb1e76-cb8e-8152-5127-75a5ccf2e82d" executionId="cf2143d4-d3ad-4f0c-b806-48701a21a238" testListId="8c84fa94-04c1-424b-9868-57a2d4851a1d" />
    <TestEntry testId="2a42fb62-90e3-d0b8-2433-6770585d59ac" executionId="a81536ef-6a23-4c3b-a254-c4eb140a7100" testListId="8c84fa94-04c1-424b-9868-57a2d4851a1d" />
    <TestEntry testId="0331e231-5e2b-199a-2247-9bc7f2606067" executionId="743c7fbb-4fec-4136-92ae-dc6019011609" testListId="8c84fa94-04c1-424b-9868-57a2d4851a1d" />
    <TestEntry testId="7c9f6c94-8d7d-5c31-2b93-fff4124ed3c5" executionId="a292d0cd-0a2e-44df-9096-6df729a9a739" testListId="8c84fa94-04c1-424b-9868-57a2d4851a1d" />
    <TestEntry testId="bb27667d-2509-633e-e3c4-28c478f5b41c" executionId="996b1e95-1da6-4d5a-a103-81fbffd72376" testListId="8c84fa94-04c1-424b-9868-57a2d4851a1d" />
    <TestEntry testId="a7b68708-c69e-0ff4-e40e-725b6fe202e8" executionId="1c5cc77f-e6dd-4e9e-a023-a444a656300b" testListId="8c84fa94-04c1-424b-9868-57a2d4851a1d" />
    <TestEntry testId="58248327-dbb4-f8f8-c890-f039c6d19d4a" executionId="e476d00d-ba54-494a-b4f7-7ac924054b00" testListId="8c84fa94-04c1-424b-9868-57a2d4851a1d" />
    <TestEntry testId="153dd652-4eeb-f718-2869-b5ccdad8d784" executionId="9a55a72a-51c9-4d35-bde4-682c62e66e6d" testListId="8c84fa94-04c1-424b-9868-57a2d4851a1d" />
    <TestEntry testId="b4fa98e0-ad74-6dc8-23c1-bd54dd325a57" executionId="40a8ebbf-4ea2-4419-9a75-626a9149aaf8" testListId="8c84fa94-04c1-424b-9868-57a2d4851a1d" />
    <TestEntry testId="cff35c85-26ba-6235-75c6-1c2564d348c6" executionId="9640c3f3-6ccf-4fe4-9b12-6a33d027166d" testListId="8c84fa94-04c1-424b-9868-57a2d4851a1d" />
    <TestEntry testId="a50cb7dc-992a-23d1-57a7-839a1118dfa3" executionId="cdd5fb8d-3387-451e-9a0d-e12993318e3f" testListId="8c84fa94-04c1-424b-9868-57a2d4851a1d" />
    <TestEntry testId="b5816c40-b187-058a-299e-906a7a313317" executionId="30a56212-c650-47d7-bc34-f6727c3647f9" testListId="8c84fa94-04c1-424b-9868-57a2d4851a1d" />
    <TestEntry testId="193201d0-a425-c313-33b9-f8d20ace7f79" executionId="7c580100-e049-4991-b2f6-c3f185b2d894" testListId="8c84fa94-04c1-424b-9868-57a2d4851a1d" />
    <TestEntry testId="fe3ab238-f960-1d99-07e6-892c4c0d0c46" executionId="0d805234-c66a-49c1-9c2f-946947147e1a" testListId="8c84fa94-04c1-424b-9868-57a2d4851a1d" />
    <TestEntry testId="3f4c3f71-cc6a-91e9-8105-a3b714346d19" executionId="43fa129a-dca1-4e4f-8cb8-2e641eda7348" testListId="8c84fa94-04c1-424b-9868-57a2d4851a1d" />
    <TestEntry testId="b10bbd05-c792-3d8c-96c7-1a5f4647c7dd" executionId="b615dbf8-7e60-4440-8f7b-1b979d2d8d20" testListId="8c84fa94-04c1-424b-9868-57a2d4851a1d" />
    <TestEntry testId="96c7d001-66b9-71f2-30b3-dc555077fc27" executionId="2e8b5e87-27b7-46b1-a889-06e0c20c1961" testListId="8c84fa94-04c1-424b-9868-57a2d4851a1d" />
    <TestEntry testId="35cd21bd-ac3d-8082-2cc2-47d7b4ce3a25" executionId="894a06ab-e6c3-4db3-8dbd-e5c049e280d8" testListId="8c84fa94-04c1-424b-9868-57a2d4851a1d" />
    <TestEntry testId="5b9ad273-899e-043f-1d95-78fcc6790837" executionId="6e01797d-03a9-4fdc-be5d-9f26acb6d485" testListId="8c84fa94-04c1-424b-9868-57a2d4851a1d" />
    <TestEntry testId="afb94819-d000-5c73-f44b-f1e36fef6d66" executionId="f1a2345a-ac33-4838-812d-24bac7b24e0d" testListId="8c84fa94-04c1-424b-9868-57a2d4851a1d" />
    <TestEntry testId="b939a012-7d2e-b3be-e613-740fc697b8d4" executionId="00240bc3-4acc-407a-a4a4-29ebda4fc04d" testListId="8c84fa94-04c1-424b-9868-57a2d4851a1d" />
    <TestEntry testId="bc0c68a9-1876-bb25-d382-c4c45b27b3d9" executionId="53944819-731b-4cac-b253-def9ee7596cf" testListId="8c84fa94-04c1-424b-9868-57a2d4851a1d" />
    <TestEntry testId="145bd153-18cc-3e25-baa5-f3e74b60f467" executionId="db1954d9-38bb-433c-9c19-ed9ff494f553" testListId="8c84fa94-04c1-424b-9868-57a2d4851a1d" />
    <TestEntry testId="bf7415ae-45f0-be29-e76d-b41b408fe020" executionId="c07b1e82-b81e-435e-8703-b934c60f44e6" testListId="8c84fa94-04c1-424b-9868-57a2d4851a1d" />
    <TestEntry testId="383215a1-c7ec-2234-60ab-45389defa320" executionId="dbafa2bc-22b1-40ac-bec5-6d1f99e5e47b" testListId="8c84fa94-04c1-424b-9868-57a2d4851a1d" />
    <TestEntry testId="4845f67a-9f1a-743f-fdc8-caf62d8a1f4e" executionId="840c32df-869f-4197-a3fe-ef215a653b3b" testListId="8c84fa94-04c1-424b-9868-57a2d4851a1d" />
    <TestEntry testId="3265fbd4-437d-4974-fc11-e9c28c6df816" executionId="5014648b-2992-4bb4-be1c-0123cb4f6c33" testListId="8c84fa94-04c1-424b-9868-57a2d4851a1d" />
    <TestEntry testId="7d55952c-7491-2bc1-f80b-6bd31d5146d2" executionId="b5f79e56-a14f-4e1d-a3e9-5d23b367df1c" testListId="8c84fa94-04c1-424b-9868-57a2d4851a1d" />
    <TestEntry testId="fc04751a-29b6-34b0-30bc-db8740bebbfc" executionId="ade0a645-149a-4a19-9533-0e0af86f0758" testListId="8c84fa94-04c1-424b-9868-57a2d4851a1d" />
    <TestEntry testId="02c00e07-1da7-4a26-741f-c10b40cf8def" executionId="4d288fb6-ce94-4c68-abda-b70ed72c1186" testListId="8c84fa94-04c1-424b-9868-57a2d4851a1d" />
    <TestEntry testId="37226e78-15f9-d454-011f-5b93613f63ef" executionId="eb3a0cea-8525-4ed4-b1b5-56fad404e667" testListId="8c84fa94-04c1-424b-9868-57a2d4851a1d" />
    <TestEntry testId="b2d1a9e8-2c10-e79d-2a5b-3b612a1cc6ec" executionId="fe937e4e-c0d3-4e47-aed3-7d13e1c9320b" testListId="8c84fa94-04c1-424b-9868-57a2d4851a1d" />
    <TestEntry testId="c76c5fb3-80cf-3138-b811-ceac3a87cf8e" executionId="558ae2d8-b5c9-4237-a99f-55fcc7f8e434" testListId="8c84fa94-04c1-424b-9868-57a2d4851a1d" />
    <TestEntry testId="b80b0b1c-a03f-7462-5741-ff0449349de1" executionId="d16a46a1-be62-4309-97de-d0d6d713f241" testListId="8c84fa94-04c1-424b-9868-57a2d4851a1d" />
    <TestEntry testId="c5c29f75-9d50-53de-8312-18164417d08c" executionId="eed22923-5f32-454f-af8f-efb2dc10fa86" testListId="8c84fa94-04c1-424b-9868-57a2d4851a1d" />
    <TestEntry testId="0188a360-d0e8-2f3a-f2c3-d07e54094df7" executionId="11ac1069-da77-491f-9e43-d2661ec1827e" testListId="8c84fa94-04c1-424b-9868-57a2d4851a1d" />
    <TestEntry testId="f01f0ea6-f37a-0be9-85c7-e4c1c96ff482" executionId="76a6e215-61a1-44ca-a69b-a5a6aced5561" testListId="8c84fa94-04c1-424b-9868-57a2d4851a1d" />
    <TestEntry testId="e9f12af5-5c0d-5f0d-b569-bb58f1d198e2" executionId="a8163673-924d-41e1-90e5-afcd18e3791e" testListId="8c84fa94-04c1-424b-9868-57a2d4851a1d" />
    <TestEntry testId="2cf24b7c-c50c-e047-853f-65e4172e9fe4" executionId="04b0632d-1edb-4c0e-b296-4a8bf45da2f6" testListId="8c84fa94-04c1-424b-9868-57a2d4851a1d" />
    <TestEntry testId="3ac8ffbb-30b0-a85d-3e7e-8f2f12c4ed12" executionId="f0514fcd-5414-408f-8c29-6392b32b8ea8" testListId="8c84fa94-04c1-424b-9868-57a2d4851a1d" />
    <TestEntry testId="df298487-0356-51ee-e237-7e10cf339a23" executionId="6432b81c-f506-453a-b05f-edf5b292a704" testListId="8c84fa94-04c1-424b-9868-57a2d4851a1d" />
    <TestEntry testId="dde84323-1f87-22b2-d0f7-2a4a85bad3fd" executionId="e026dbdc-9e89-4386-9dd6-8abbd7dd7b12" testListId="8c84fa94-04c1-424b-9868-57a2d4851a1d" />
    <TestEntry testId="13846877-4c93-45de-5e9a-d22d164df494" executionId="83fbbe97-a15c-446b-915e-725cc86da8b8" testListId="8c84fa94-04c1-424b-9868-57a2d4851a1d" />
    <TestEntry testId="2ea46394-44f6-bdfd-606e-536cc1a2eef1" executionId="dd07bf42-a0d1-4ad1-9772-a88466d70224" testListId="8c84fa94-04c1-424b-9868-57a2d4851a1d" />
    <TestEntry testId="0af19e62-2ce3-c36e-7566-bede5dbc71a7" executionId="88a23fa0-6d61-4437-a2eb-e139c06fa4e1" testListId="8c84fa94-04c1-424b-9868-57a2d4851a1d" />
    <TestEntry testId="3825a6bf-15ba-3ddd-7270-3610d4ba1398" executionId="2a8e6a97-297f-42b2-9e98-d032232197be" testListId="8c84fa94-04c1-424b-9868-57a2d4851a1d" />
    <TestEntry testId="360a473d-7e1c-2d14-72c9-22f9349ca174" executionId="43070612-b43f-4a06-baa5-7dda9c32f598" testListId="8c84fa94-04c1-424b-9868-57a2d4851a1d" />
    <TestEntry testId="99c0f1dd-a954-07f0-474b-96a0626b66a1" executionId="0030d6c5-5361-45c7-9d19-d667b73e4314" testListId="8c84fa94-04c1-424b-9868-57a2d4851a1d" />
    <TestEntry testId="f8590f4c-8af0-6c5c-7ae1-fa12731b6342" executionId="fe14f4db-6489-4c76-8e8c-c71409739429" testListId="8c84fa94-04c1-424b-9868-57a2d4851a1d" />
    <TestEntry testId="3ee8c477-acc7-2166-b517-722bdd4efb4b" executionId="e0908929-03e8-4952-89c9-565ec8423305" testListId="8c84fa94-04c1-424b-9868-57a2d4851a1d" />
    <TestEntry testId="f32c4def-2f6e-3a0b-be76-e606178c7f60" executionId="85279e19-7309-40a8-99c3-560c3ed0959b" testListId="8c84fa94-04c1-424b-9868-57a2d4851a1d" />
    <TestEntry testId="4bd13a4c-7389-3430-0358-3a2daf94401d" executionId="a46807b0-8450-4fb2-b69a-95f06c40d61e" testListId="8c84fa94-04c1-424b-9868-57a2d4851a1d" />
    <TestEntry testId="77e3ceec-23c8-f048-63a2-95c394ee2a67" executionId="b66c98eb-e3d9-42fb-9700-25d685f2a2c6" testListId="8c84fa94-04c1-424b-9868-57a2d4851a1d" />
    <TestEntry testId="0394e59d-8e17-d872-c29f-c28ac3eea7b0" executionId="081e5579-8651-4150-a705-e2eb2b9d8864" testListId="8c84fa94-04c1-424b-9868-57a2d4851a1d" />
    <TestEntry testId="28983f02-4f34-fd2a-e2c0-c023f9e83615" executionId="77692877-f51a-429b-a1e8-eec94f607168" testListId="8c84fa94-04c1-424b-9868-57a2d4851a1d" />
    <TestEntry testId="096255cc-daec-f5a9-6a72-452bc7414607" executionId="a1560bbe-ee9f-4f98-8c95-4a889726b46a" testListId="8c84fa94-04c1-424b-9868-57a2d4851a1d" />
    <TestEntry testId="3d5865ea-852b-85ea-4b1e-3b3f757388ec" executionId="6ff0c939-50e5-44b2-9e5c-f1745fe00e24" testListId="8c84fa94-04c1-424b-9868-57a2d4851a1d" />
    <TestEntry testId="a73a2e63-3dc6-6b14-a467-c57ee0ec7ec7" executionId="e74cfea9-0df1-4502-9cef-0ce4f9d277ea" testListId="8c84fa94-04c1-424b-9868-57a2d4851a1d" />
    <TestEntry testId="7f63e5ba-c44d-59a2-d525-2cb0363ac96c" executionId="497bc258-bb9e-4b18-9d4c-883daf22de1b" testListId="8c84fa94-04c1-424b-9868-57a2d4851a1d" />
    <TestEntry testId="ce8720c2-9005-cb90-e9f6-6a9dc1f8339c" executionId="6ac90fbe-2e4f-42b7-849d-bd14a59b6607" testListId="8c84fa94-04c1-424b-9868-57a2d4851a1d" />
    <TestEntry testId="cb3aa70a-148e-24f8-4a0e-08e7b60b3af3" executionId="4d20a6ee-ecdf-4e42-9982-7b6fef52ba11" testListId="8c84fa94-04c1-424b-9868-57a2d4851a1d" />
    <TestEntry testId="1e6a5935-eb94-a549-f349-b1500900cd98" executionId="5eaad95f-0376-46b6-a94a-5eb43961c14d" testListId="8c84fa94-04c1-424b-9868-57a2d4851a1d" />
    <TestEntry testId="5b029505-cc20-a753-3d33-0e0e266c8841" executionId="b2f0960d-7c65-4326-9854-72d4c1de1304" testListId="8c84fa94-04c1-424b-9868-57a2d4851a1d" />
    <TestEntry testId="a135e145-a8f1-0965-22d8-18ac186f6fcf" executionId="3c09d79c-701d-47a1-8cf4-4ae52e86f7b8" testListId="8c84fa94-04c1-424b-9868-57a2d4851a1d" />
    <TestEntry testId="81019d0f-1a28-bd30-e939-1d942eb12cd9" executionId="01fef856-a08a-466b-a0ee-e439cd5f5c4c" testListId="8c84fa94-04c1-424b-9868-57a2d4851a1d" />
    <TestEntry testId="d71963d6-dcff-e7f3-d8f4-94038e2fe289" executionId="fcbe5aae-6e05-4225-a5ca-67aa345c9a7f" testListId="8c84fa94-04c1-424b-9868-57a2d4851a1d" />
    <TestEntry testId="60ea3337-b81d-e310-278f-6cd040199409" executionId="55b338d4-bc2c-431a-aba7-74ed0874b866" testListId="8c84fa94-04c1-424b-9868-57a2d4851a1d" />
    <TestEntry testId="727d300c-09c1-7387-388d-5af13a437f21" executionId="dee7f561-af76-42f4-880e-6025c23f78b2" testListId="8c84fa94-04c1-424b-9868-57a2d4851a1d" />
    <TestEntry testId="96faba19-0bfe-83ba-6e84-9c0321f406c2" executionId="32813a47-53e3-4034-aced-5e055576e89b" testListId="8c84fa94-04c1-424b-9868-57a2d4851a1d" />
    <TestEntry testId="6dd73256-d9d7-d295-626e-bd95bb1349ab" executionId="4a2c2b8c-a26c-4c33-8804-7016daf3f68b" testListId="8c84fa94-04c1-424b-9868-57a2d4851a1d" />
    <TestEntry testId="b90b8524-89a6-7598-57e6-f81fc0f2da6d" executionId="a4ada0a8-6733-48e5-834a-835709055250" testListId="8c84fa94-04c1-424b-9868-57a2d4851a1d" />
  </TestEntries>
  <TestLists>
    <TestList name="Resultados sin formato de lista" id="8c84fa94-04c1-424b-9868-57a2d4851a1d" />
    <TestList name="Todos los resultados cargados" id="19431567-8539-422a-85d7-44ee4e166bda" />
  </TestLists>
  <ResultSummary outcome="Completed">
    <Counters total="430" executed="430" passed="430" failed="0" error="0" timeout="0" aborted="0" inconclusive="0" passedButRunAborted="0" notRunnable="0" notExecuted="0" disconnected="0" warning="0" completed="0" inProgress="0" pending="0" />
  </ResultSummary>
</TestRun>